<?xml version="1.0" encoding="UTF-8"?>
<testsuite xmlns:xsi="http://www.w3.org/2001/XMLSchema-instance" xsi:noNamespaceSchemaLocation="https://maven.apache.org/surefire/maven-surefire-plugin/xsd/surefire-test-report.xsd" version="3.0.1" name="com.example.music.app.MusicAppTest" time="0.647" tests="1" errors="0" skipped="0" failures="0">
  <properties>
    <property name="java.specification.version" value="23"/>
    <property name="sun.jnu.encoding" value="UTF-8"/>
    <property name="java.class.path" value="/Users/salvatorevigano/eclipse-workspace/music/target/test-classes:/Users/salvatorevigano/eclipse-workspace/music/target/classes:/Users/salvatorevigano/.m2/repository/org/junit/jupiter/junit-jupiter-api/5.8.2/junit-jupiter-api-5.8.2.jar:/Users/salvatorevigano/.m2/repository/org/opentest4j/opentest4j/1.2.0/opentest4j-1.2.0.jar:/Users/salvatorevigano/.m2/repository/org/junit/platform/junit-platform-commons/1.8.2/junit-platform-commons-1.8.2.jar:/Users/salvatorevigano/.m2/repository/org/apiguardian/apiguardian-api/1.1.2/apiguardian-api-1.1.2.jar:/Users/salvatorevigano/.m2/repository/org/junit/jupiter/junit-jupiter-engine/5.8.2/junit-jupiter-engine-5.8.2.jar:/Users/salvatorevigano/.m2/repository/org/junit/platform/junit-platform-engine/1.8.2/junit-platform-engine-1.8.2.jar:/Users/salvatorevigano/.m2/repository/com/mysql/mysql-connector-j/9.2.0/mysql-connector-j-9.2.0.jar:/Users/salvatorevigano/.m2/repository/com/google/protobuf/protobuf-java/4.29.0/protobuf-java-4.29.0.jar:"/>
    <property name="java.vm.vendor" value="Homebrew"/>
    <property name="sun.arch.data.model" value="64"/>
    <property name="java.vendor.url" value="https://github.com/Homebrew/homebrew-core/issues"/>
    <property name="user.timezone" value="Europe/Rome"/>
    <property name="os.name" value="Mac OS X"/>
    <property name="java.vm.specification.version" value="23"/>
    <property name="sun.java.launcher" value="SUN_STANDARD"/>
    <property name="user.country" value="IT"/>
    <property name="sun.boot.library.path" value="/opt/homebrew/Cellar/openjdk/23.0.2/libexec/openjdk.jdk/Contents/Home/lib"/>
    <property name="sun.java.command" value="/Users/salvatorevigano/eclipse-workspace/music/target/surefire/surefirebooter-20250318163832587_3.jar /Users/salvatorevigano/eclipse-workspace/music/target/surefire 2025-03-18T16-38-32_554-jvmRun1 surefire-20250318163832587_1tmp surefire_0-20250318163832587_2tmp"/>
    <property name="http.nonProxyHosts" value="local|*.local|169.254/16|*.169.254/16"/>
    <property name="jdk.debug" value="release"/>
    <property name="surefire.test.class.path" value="/Users/salvatorevigano/eclipse-workspace/music/target/test-classes:/Users/salvatorevigano/eclipse-workspace/music/target/classes:/Users/salvatorevigano/.m2/repository/org/junit/jupiter/junit-jupiter-api/5.8.2/junit-jupiter-api-5.8.2.jar:/Users/salvatorevigano/.m2/repository/org/opentest4j/opentest4j/1.2.0/opentest4j-1.2.0.jar:/Users/salvatorevigano/.m2/repository/org/junit/platform/junit-platform-commons/1.8.2/junit-platform-commons-1.8.2.jar:/Users/salvatorevigano/.m2/repository/org/apiguardian/apiguardian-api/1.1.2/apiguardian-api-1.1.2.jar:/Users/salvatorevigano/.m2/repository/org/junit/jupiter/junit-jupiter-engine/5.8.2/junit-jupiter-engine-5.8.2.jar:/Users/salvatorevigano/.m2/repository/org/junit/platform/junit-platform-engine/1.8.2/junit-platform-engine-1.8.2.jar:/Users/salvatorevigano/.m2/repository/com/mysql/mysql-connector-j/9.2.0/mysql-connector-j-9.2.0.jar:/Users/salvatorevigano/.m2/repository/com/google/protobuf/protobuf-java/4.29.0/protobuf-java-4.29.0.jar:"/>
    <property name="sun.cpu.endian" value="little"/>
    <property name="user.home" value="/Users/salvatorevigano"/>
    <property name="user.language" value="it"/>
    <property name="java.specification.vendor" value="Oracle Corporation"/>
    <property name="java.version.date" value="2025-01-21"/>
    <property name="java.home" value="/opt/homebrew/Cellar/openjdk/23.0.2/libexec/openjdk.jdk/Contents/Home"/>
    <property name="file.separator" value="/"/>
    <property name="basedir" value="/Users/salvatorevigano/eclipse-workspace/music"/>
    <property name="java.vm.compressedOopsMode" value="Zero based"/>
    <property name="line.separator" value="&#10;"/>
    <property name="java.vm.specification.vendor" value="Oracle Corporation"/>
    <property name="java.specification.name" value="Java Platform API Specification"/>
    <property name="apple.awt.application.name" value="ForkedBooter"/>
    <property name="surefire.real.class.path" value="/Users/salvatorevigano/eclipse-workspace/music/target/surefire/surefirebooter-20250318163832587_3.jar"/>
    <property name="sun.management.compiler" value="HotSpot 64-Bit Tiered Compilers"/>
    <property name="ftp.nonProxyHosts" value="local|*.local|169.254/16|*.169.254/16"/>
    <property name="java.runtime.version" value="23.0.2"/>
    <property name="user.name" value="salvatorevigano"/>
    <property name="stdout.encoding" value="UTF-8"/>
    <property name="path.separator" value=":"/>
    <property name="os.version" value="15.3.2"/>
    <property name="java.runtime.name" value="OpenJDK Runtime Environment"/>
    <property name="file.encoding" value="UTF-8"/>
    <property name="java.vm.name" value="OpenJDK 64-Bit Server VM"/>
    <property name="java.vendor.version" value="Homebrew"/>
    <property name="localRepository" value="/Users/salvatorevigano/.m2/repository"/>
    <property name="java.vendor.url.bug" value="https://github.com/Homebrew/homebrew-core/issues"/>
    <property name="java.io.tmpdir" value="/var/folders/vy/91t53q4577g74ykmgz6m49rm0000gn/T/"/>
    <property name="java.version" value="23.0.2"/>
    <property name="user.dir" value="/Users/salvatorevigano/eclipse-workspace/music"/>
    <property name="os.arch" value="aarch64"/>
    <property name="java.vm.specification.name" value="Java Virtual Machine Specification"/>
    <property name="native.encoding" value="UTF-8"/>
    <property name="java.library.path" value="/Users/salvatorevigano/Library/Java/Extensions:/Library/Java/Extensions:/Network/Library/Java/Extensions:/System/Library/Java/Extensions:/usr/lib/java:."/>
    <property name="java.vm.info" value="mixed mode, sharing"/>
    <property name="stderr.encoding" value="UTF-8"/>
    <property name="java.vendor" value="Homebrew"/>
    <property name="java.vm.version" value="23.0.2"/>
    <property name="sun.io.unicode.encoding" value="UnicodeBig"/>
    <property name="socksNonProxyHosts" value="local|*.local|169.254/16|*.169.254/16"/>
    <property name="java.class.version" value="67.0"/>
  </properties>
  <testcase name="testMusicAppExecution" classname="com.example.music.app.MusicAppTest" time="0.641">
    <system-out><![CDATA[
Test ArtistaDao:
Artista 1: Artista [id_artista=52, anno_inizio=1970, nome=Queens, nazione=UK, data_inserimento=2025-03-18T16:38:33, data_aggiornamento=null]
Artista 1 Updated: Artista [id_artista=52, anno_inizio=1970, nome=Queen, nazione=UK, data_inserimento=2025-03-18T16:38:33, data_aggiornamento=null]
Artisti after delete: 
Artista [id_artista=17, anno_inizio=1965, nome=Pink Floyd, nazione=UK, data_inserimento=2025-03-18T16:08:53, data_aggiornamento=null]
Artista [id_artista=2, anno_inizio=1965, nome=Pink Floyd, nazione=UK, data_inserimento=2025-03-18T15:14:19, data_aggiornamento=null]
Artista [id_artista=47, anno_inizio=1965, nome=Pink Floyd, nazione=UK, data_inserimento=2025-03-18T16:38:27, data_aggiornamento=null]
Artista [id_artista=5, anno_inizio=1965, nome=Pink Floyd, nazione=UK, data_inserimento=2025-03-18T15:57:41, data_aggiornamento=null]
Artista [id_artista=41, anno_inizio=1965, nome=Pink Floyd, nazione=UK, data_inserimento=2025-03-18T16:30:53, data_aggiornamento=null]
Artista [id_artista=8, anno_inizio=1965, nome=Pink Floyd, nazione=UK, data_inserimento=2025-03-18T15:58:09, data_aggiornamento=null]
Artista [id_artista=35, anno_inizio=1965, nome=Pink Floyd, nazione=UK, data_inserimento=2025-03-18T16:30:47, data_aggiornamento=null]
Artista [id_artista=11, anno_inizio=1965, nome=Pink Floyd, nazione=UK, data_inserimento=2025-03-18T16:08:29, data_aggiornamento=null]
Artista [id_artista=29, anno_inizio=1965, nome=Pink Floyd, nazione=UK, data_inserimento=2025-03-18T16:30:30, data_aggiornamento=null]
Artista [id_artista=53, anno_inizio=1965, nome=Pink Floyd, nazione=UK, data_inserimento=2025-03-18T16:38:33, data_aggiornamento=null]
Artista [id_artista=23, anno_inizio=1965, nome=Pink Floyd, nazione=UK, data_inserimento=2025-03-18T16:12:37, data_aggiornamento=null]
Artista [id_artista=28, anno_inizio=1970, nome=Queen, nazione=UK, data_inserimento=2025-03-18T16:30:30, data_aggiornamento=null]
Artista [id_artista=34, anno_inizio=1970, nome=Queen, nazione=UK, data_inserimento=2025-03-18T16:30:47, data_aggiornamento=null]
Artista [id_artista=52, anno_inizio=1970, nome=Queen, nazione=UK, data_inserimento=2025-03-18T16:38:33, data_aggiornamento=null]
Artista [id_artista=22, anno_inizio=1970, nome=Queen, nazione=UK, data_inserimento=2025-03-18T16:12:37, data_aggiornamento=null]
Artista [id_artista=16, anno_inizio=1970, nome=Queen, nazione=UK, data_inserimento=2025-03-18T16:08:53, data_aggiornamento=null]
Artista [id_artista=4, anno_inizio=1970, nome=Queen, nazione=UK, data_inserimento=2025-03-18T15:57:41, data_aggiornamento=null]
Artista [id_artista=46, anno_inizio=1970, nome=Queen, nazione=UK, data_inserimento=2025-03-18T16:38:27, data_aggiornamento=null]
Artista [id_artista=7, anno_inizio=1970, nome=Queen, nazione=UK, data_inserimento=2025-03-18T15:58:09, data_aggiornamento=null]
Artista [id_artista=40, anno_inizio=1970, nome=Queen, nazione=UK, data_inserimento=2025-03-18T16:30:53, data_aggiornamento=null]
Artista [id_artista=1, anno_inizio=1970, nome=Queen, nazione=UK, data_inserimento=2025-03-18T15:14:19, data_aggiornamento=null]
Artista [id_artista=10, anno_inizio=1970, nome=Queen, nazione=UK, data_inserimento=2025-03-18T16:08:29, data_aggiornamento=null]
Artista [id_artista=38, anno_inizio=1980, nome=Artista Aggiornato, nazione=Nazione di Prova, data_inserimento=2025-03-18T16:30:48, data_aggiornamento=null]
Artista [id_artista=33, anno_inizio=1980, nome=Artista di Prova, nazione=Nazione di Prova, data_inserimento=2025-03-18T16:30:31, data_aggiornamento=null]
Artista [id_artista=32, anno_inizio=1980, nome=Artista Aggiornato, nazione=Nazione di Prova, data_inserimento=2025-03-18T16:30:31, data_aggiornamento=null]
Artista [id_artista=39, anno_inizio=1980, nome=Artista di Prova, nazione=Nazione di Prova, data_inserimento=2025-03-18T16:30:48, data_aggiornamento=null]
Artista [id_artista=14, anno_inizio=1980, nome=Artista Aggiornato, nazione=Nazione di Prova, data_inserimento=2025-03-18T16:08:31, data_aggiornamento=null]
Artista [id_artista=15, anno_inizio=1980, nome=Artista di Prova, nazione=Nazione di Prova, data_inserimento=2025-03-18T16:08:31, data_aggiornamento=null]
Artista [id_artista=44, anno_inizio=1980, nome=Artista Aggiornato, nazione=Nazione di Prova, data_inserimento=2025-03-18T16:30:54, data_aggiornamento=null]
Artista [id_artista=45, anno_inizio=1980, nome=Artista di Prova, nazione=Nazione di Prova, data_inserimento=2025-03-18T16:30:54, data_aggiornamento=null]
Artista [id_artista=27, anno_inizio=1980, nome=Artista di Prova, nazione=Nazione di Prova, data_inserimento=2025-03-18T16:12:38, data_aggiornamento=null]
Artista [id_artista=26, anno_inizio=1980, nome=Artista Aggiornato, nazione=Nazione di Prova, data_inserimento=2025-03-18T16:12:38, data_aggiornamento=null]
Artista [id_artista=50, anno_inizio=1980, nome=Artista Aggiornato, nazione=Nazione di Prova, data_inserimento=2025-03-18T16:38:28, data_aggiornamento=null]
Artista [id_artista=51, anno_inizio=1980, nome=Artista di Prova, nazione=Nazione di Prova, data_inserimento=2025-03-18T16:38:28, data_aggiornamento=null]
Artista [id_artista=21, anno_inizio=1980, nome=Artista di Prova, nazione=Nazione di Prova, data_inserimento=2025-03-18T16:08:55, data_aggiornamento=null]
Artista [id_artista=20, anno_inizio=1980, nome=Artista Aggiornato, nazione=Nazione di Prova, data_inserimento=2025-03-18T16:08:55, data_aggiornamento=null]

Test AlbumDao:
Album 1: Album [id_album=46, nome_album=A Night at the Operas, genere=ROCK, data_uscita=1975-11-21, data_inserimento=2025-03-18T16:38:33, data_aggiornamento=null, artista=Artista [id_artista=52, anno_inizio=1970, nome=Queen, nazione=UK, data_inserimento=2025-03-18T16:38:33, data_aggiornamento=null]]
Album 1 Updated: Album [id_album=46, nome_album=A Night at the Opera, genere=ROCK, data_uscita=1975-11-21, data_inserimento=2025-03-18T16:38:33, data_aggiornamento=null, artista=Artista [id_artista=52, anno_inizio=1970, nome=Queen, nazione=UK, data_inserimento=2025-03-18T16:38:33, data_aggiornamento=null]]
Albums after delete: 
Album [id_album=17, nome_album=The Dark Side of the Moon, genere=ROCK, data_uscita=1973-03-01, data_inserimento=2025-03-18T16:12:37, data_aggiornamento=null, artista=Artista [id_artista=23, anno_inizio=1965, nome=Pink Floyd, nazione=UK, data_inserimento=2025-03-18T16:12:37, data_aggiornamento=null]]
Album [id_album=2, nome_album=The Dark Side of the Moon, genere=ROCK, data_uscita=1973-03-01, data_inserimento=2025-03-18T15:14:19, data_aggiornamento=null, artista=Artista [id_artista=2, anno_inizio=1965, nome=Pink Floyd, nazione=UK, data_inserimento=2025-03-18T15:14:19, data_aggiornamento=null]]
Album [id_album=41, nome_album=The Dark Side of the Moon, genere=ROCK, data_uscita=1973-03-01, data_inserimento=2025-03-18T16:38:27, data_aggiornamento=null, artista=Artista [id_artista=47, anno_inizio=1965, nome=Pink Floyd, nazione=UK, data_inserimento=2025-03-18T16:38:27, data_aggiornamento=null]]
Album [id_album=5, nome_album=The Dark Side of the Moon, genere=ROCK, data_uscita=1973-03-01, data_inserimento=2025-03-18T15:57:42, data_aggiornamento=null, artista=Artista [id_artista=5, anno_inizio=1965, nome=Pink Floyd, nazione=UK, data_inserimento=2025-03-18T15:57:41, data_aggiornamento=null]]
Album [id_album=35, nome_album=The Dark Side of the Moon, genere=ROCK, data_uscita=1973-03-01, data_inserimento=2025-03-18T16:30:53, data_aggiornamento=null, artista=Artista [id_artista=41, anno_inizio=1965, nome=Pink Floyd, nazione=UK, data_inserimento=2025-03-18T16:30:53, data_aggiornamento=null]]
Album [id_album=8, nome_album=The Dark Side of the Moon, genere=ROCK, data_uscita=1973-03-01, data_inserimento=2025-03-18T15:58:09, data_aggiornamento=null, artista=Artista [id_artista=8, anno_inizio=1965, nome=Pink Floyd, nazione=UK, data_inserimento=2025-03-18T15:58:09, data_aggiornamento=null]]
Album [id_album=29, nome_album=The Dark Side of the Moon, genere=ROCK, data_uscita=1973-03-01, data_inserimento=2025-03-18T16:30:47, data_aggiornamento=null, artista=Artista [id_artista=35, anno_inizio=1965, nome=Pink Floyd, nazione=UK, data_inserimento=2025-03-18T16:30:47, data_aggiornamento=null]]
Album [id_album=11, nome_album=The Dark Side of the Moon, genere=ROCK, data_uscita=1973-03-01, data_inserimento=2025-03-18T16:08:30, data_aggiornamento=null, artista=Artista [id_artista=11, anno_inizio=1965, nome=Pink Floyd, nazione=UK, data_inserimento=2025-03-18T16:08:29, data_aggiornamento=null]]
Album [id_album=47, nome_album=The Dark Side of the Moon, genere=ROCK, data_uscita=1973-03-01, data_inserimento=2025-03-18T16:38:33, data_aggiornamento=null, artista=Artista [id_artista=53, anno_inizio=1965, nome=Pink Floyd, nazione=UK, data_inserimento=2025-03-18T16:38:33, data_aggiornamento=null]]
Album [id_album=14, nome_album=The Dark Side of the Moon, genere=ROCK, data_uscita=1973-03-01, data_inserimento=2025-03-18T16:08:54, data_aggiornamento=null, artista=Artista [id_artista=17, anno_inizio=1965, nome=Pink Floyd, nazione=UK, data_inserimento=2025-03-18T16:08:53, data_aggiornamento=null]]
Album [id_album=23, nome_album=The Dark Side of the Moon, genere=ROCK, data_uscita=1973-03-01, data_inserimento=2025-03-18T16:30:30, data_aggiornamento=null, artista=Artista [id_artista=29, anno_inizio=1965, nome=Pink Floyd, nazione=UK, data_inserimento=2025-03-18T16:30:30, data_aggiornamento=null]]
Album [id_album=1, nome_album=A Night at the Opera, genere=ROCK, data_uscita=1975-11-21, data_inserimento=2025-03-18T15:14:19, data_aggiornamento=null, artista=Artista [id_artista=1, anno_inizio=1970, nome=Queen, nazione=UK, data_inserimento=2025-03-18T15:14:19, data_aggiornamento=null]]
Album [id_album=22, nome_album=A Night at the Opera, genere=ROCK, data_uscita=1975-11-21, data_inserimento=2025-03-18T16:30:30, data_aggiornamento=null, artista=Artista [id_artista=28, anno_inizio=1970, nome=Queen, nazione=UK, data_inserimento=2025-03-18T16:30:30, data_aggiornamento=null]]
Album [id_album=16, nome_album=A Night at the Opera, genere=ROCK, data_uscita=1975-11-21, data_inserimento=2025-03-18T16:12:37, data_aggiornamento=null, artista=Artista [id_artista=22, anno_inizio=1970, nome=Queen, nazione=UK, data_inserimento=2025-03-18T16:12:37, data_aggiornamento=null]]
Album [id_album=13, nome_album=A Night at the Opera, genere=ROCK, data_uscita=1975-11-21, data_inserimento=2025-03-18T16:08:54, data_aggiornamento=null, artista=Artista [id_artista=16, anno_inizio=1970, nome=Queen, nazione=UK, data_inserimento=2025-03-18T16:08:53, data_aggiornamento=null]]
Album [id_album=28, nome_album=A Night at the Opera, genere=ROCK, data_uscita=1975-11-21, data_inserimento=2025-03-18T16:30:47, data_aggiornamento=null, artista=Artista [id_artista=34, anno_inizio=1970, nome=Queen, nazione=UK, data_inserimento=2025-03-18T16:30:47, data_aggiornamento=null]]
Album [id_album=10, nome_album=A Night at the Opera, genere=ROCK, data_uscita=1975-11-21, data_inserimento=2025-03-18T16:08:30, data_aggiornamento=null, artista=Artista [id_artista=10, anno_inizio=1970, nome=Queen, nazione=UK, data_inserimento=2025-03-18T16:08:29, data_aggiornamento=null]]
Album [id_album=34, nome_album=A Night at the Opera, genere=ROCK, data_uscita=1975-11-21, data_inserimento=2025-03-18T16:30:53, data_aggiornamento=null, artista=Artista [id_artista=40, anno_inizio=1970, nome=Queen, nazione=UK, data_inserimento=2025-03-18T16:30:53, data_aggiornamento=null]]
Album [id_album=7, nome_album=A Night at the Opera, genere=ROCK, data_uscita=1975-11-21, data_inserimento=2025-03-18T15:58:09, data_aggiornamento=null, artista=Artista [id_artista=7, anno_inizio=1970, nome=Queen, nazione=UK, data_inserimento=2025-03-18T15:58:09, data_aggiornamento=null]]
Album [id_album=40, nome_album=A Night at the Opera, genere=ROCK, data_uscita=1975-11-21, data_inserimento=2025-03-18T16:38:27, data_aggiornamento=null, artista=Artista [id_artista=46, anno_inizio=1970, nome=Queen, nazione=UK, data_inserimento=2025-03-18T16:38:27, data_aggiornamento=null]]
Album [id_album=4, nome_album=A Night at the Opera, genere=ROCK, data_uscita=1975-11-21, data_inserimento=2025-03-18T15:57:42, data_aggiornamento=null, artista=Artista [id_artista=4, anno_inizio=1970, nome=Queen, nazione=UK, data_inserimento=2025-03-18T15:57:41, data_aggiornamento=null]]
Album [id_album=46, nome_album=A Night at the Opera, genere=ROCK, data_uscita=1975-11-21, data_inserimento=2025-03-18T16:38:33, data_aggiornamento=null, artista=Artista [id_artista=52, anno_inizio=1970, nome=Queen, nazione=UK, data_inserimento=2025-03-18T16:38:33, data_aggiornamento=null]]
Album [id_album=20, nome_album=Album Aggiornato, genere=POP, data_uscita=2025-03-18, data_inserimento=2025-03-18T16:12:38, data_aggiornamento=null, artista=Artista [id_artista=1, anno_inizio=1970, nome=Queen, nazione=UK, data_inserimento=2025-03-18T15:14:19, data_aggiornamento=null]]
Album [id_album=21, nome_album=Album di Prova, genere=ROCK, data_uscita=2025-03-18, data_inserimento=2025-03-18T16:12:38, data_aggiornamento=null, artista=Artista [id_artista=1, anno_inizio=1970, nome=Queen, nazione=UK, data_inserimento=2025-03-18T15:14:19, data_aggiornamento=null]]
Album [id_album=27, nome_album=Album di Prova, genere=ROCK, data_uscita=2025-03-18, data_inserimento=2025-03-18T16:30:31, data_aggiornamento=null, artista=Artista [id_artista=1, anno_inizio=1970, nome=Queen, nazione=UK, data_inserimento=2025-03-18T15:14:19, data_aggiornamento=null]]
Album [id_album=32, nome_album=Album Aggiornato, genere=POP, data_uscita=2025-03-18, data_inserimento=2025-03-18T16:30:48, data_aggiornamento=null, artista=Artista [id_artista=1, anno_inizio=1970, nome=Queen, nazione=UK, data_inserimento=2025-03-18T15:14:19, data_aggiornamento=null]]
Album [id_album=33, nome_album=Album di Prova, genere=ROCK, data_uscita=2025-03-18, data_inserimento=2025-03-18T16:30:48, data_aggiornamento=null, artista=Artista [id_artista=1, anno_inizio=1970, nome=Queen, nazione=UK, data_inserimento=2025-03-18T15:14:19, data_aggiornamento=null]]
Album [id_album=38, nome_album=Album Aggiornato, genere=POP, data_uscita=2025-03-18, data_inserimento=2025-03-18T16:30:54, data_aggiornamento=null, artista=Artista [id_artista=1, anno_inizio=1970, nome=Queen, nazione=UK, data_inserimento=2025-03-18T15:14:19, data_aggiornamento=null]]
Album [id_album=39, nome_album=Album di Prova, genere=ROCK, data_uscita=2025-03-18, data_inserimento=2025-03-18T16:30:54, data_aggiornamento=null, artista=Artista [id_artista=1, anno_inizio=1970, nome=Queen, nazione=UK, data_inserimento=2025-03-18T15:14:19, data_aggiornamento=null]]
Album [id_album=44, nome_album=Album Aggiornato, genere=POP, data_uscita=2025-03-18, data_inserimento=2025-03-18T16:38:28, data_aggiornamento=null, artista=Artista [id_artista=1, anno_inizio=1970, nome=Queen, nazione=UK, data_inserimento=2025-03-18T15:14:19, data_aggiornamento=null]]
Album [id_album=45, nome_album=Album di Prova, genere=ROCK, data_uscita=2025-03-18, data_inserimento=2025-03-18T16:38:28, data_aggiornamento=null, artista=Artista [id_artista=1, anno_inizio=1970, nome=Queen, nazione=UK, data_inserimento=2025-03-18T15:14:19, data_aggiornamento=null]]
Album [id_album=26, nome_album=Album Aggiornato, genere=POP, data_uscita=2025-03-18, data_inserimento=2025-03-18T16:30:31, data_aggiornamento=null, artista=Artista [id_artista=1, anno_inizio=1970, nome=Queen, nazione=UK, data_inserimento=2025-03-18T15:14:19, data_aggiornamento=null]]

Test TracceDao:
Traccia 1_1: Tracce [id_traccia=112, nome_traccia=Bohemian Rhapsodys, album=Album [id_album=46, nome_album=A Night at the Opera, genere=ROCK, data_uscita=1975-11-21, data_inserimento=2025-03-18T16:38:33, data_aggiornamento=null, artista=null], artista=Artista [id_artista=52, anno_inizio=1970, nome=Queen, nazione=UK, data_inserimento=2025-03-18T16:38:33, data_aggiornamento=null], data_inserimento=2025-03-18T16:38:33, data_aggiornamento=null]
Traccia 1_1 Updated: Tracce [id_traccia=112, nome_traccia=Bohemian Rhapsody, album=Album [id_album=46, nome_album=A Night at the Opera, genere=ROCK, data_uscita=1975-11-21, data_inserimento=2025-03-18T16:38:33, data_aggiornamento=null, artista=null], artista=Artista [id_artista=52, anno_inizio=1970, nome=Queen, nazione=UK, data_inserimento=2025-03-18T16:38:33, data_aggiornamento=null], data_inserimento=2025-03-18T16:38:33, data_aggiornamento=null]
Tracce after delete: 
Tracce [id_traccia=1, nome_traccia=Bohemian Rhapsody, album=Album [id_album=1, nome_album=A Night at the Opera, genere=ROCK, data_uscita=1975-11-21, data_inserimento=2025-03-18T15:14:19, data_aggiornamento=null, artista=null], artista=Artista [id_artista=1, anno_inizio=1970, nome=Queen, nazione=UK, data_inserimento=2025-03-18T15:14:19, data_aggiornamento=null], data_inserimento=2025-03-18T15:14:19, data_aggiornamento=null]
Tracce [id_traccia=2, nome_traccia=You're My Best Friend, album=Album [id_album=1, nome_album=A Night at the Opera, genere=ROCK, data_uscita=1975-11-21, data_inserimento=2025-03-18T15:14:19, data_aggiornamento=null, artista=null], artista=Artista [id_artista=1, anno_inizio=1970, nome=Queen, nazione=UK, data_inserimento=2025-03-18T15:14:19, data_aggiornamento=null], data_inserimento=2025-03-18T15:14:19, data_aggiornamento=null]
Tracce [id_traccia=3, nome_traccia=Love of My Life, album=Album [id_album=1, nome_album=A Night at the Opera, genere=ROCK, data_uscita=1975-11-21, data_inserimento=2025-03-18T15:14:19, data_aggiornamento=null, artista=null], artista=Artista [id_artista=1, anno_inizio=1970, nome=Queen, nazione=UK, data_inserimento=2025-03-18T15:14:19, data_aggiornamento=null], data_inserimento=2025-03-18T15:14:19, data_aggiornamento=null]
Tracce [id_traccia=4, nome_traccia=Money, album=Album [id_album=2, nome_album=The Dark Side of the Moon, genere=ROCK, data_uscita=1973-03-01, data_inserimento=2025-03-18T15:14:19, data_aggiornamento=null, artista=null], artista=Artista [id_artista=2, anno_inizio=1965, nome=Pink Floyd, nazione=UK, data_inserimento=2025-03-18T15:14:19, data_aggiornamento=null], data_inserimento=2025-03-18T15:14:19, data_aggiornamento=null]
Tracce [id_traccia=5, nome_traccia=Time, album=Album [id_album=2, nome_album=The Dark Side of the Moon, genere=ROCK, data_uscita=1973-03-01, data_inserimento=2025-03-18T15:14:19, data_aggiornamento=null, artista=null], artista=Artista [id_artista=2, anno_inizio=1965, nome=Pink Floyd, nazione=UK, data_inserimento=2025-03-18T15:14:19, data_aggiornamento=null], data_inserimento=2025-03-18T15:14:19, data_aggiornamento=null]
Tracce [id_traccia=6, nome_traccia=Us and Them, album=Album [id_album=2, nome_album=The Dark Side of the Moon, genere=ROCK, data_uscita=1973-03-01, data_inserimento=2025-03-18T15:14:19, data_aggiornamento=null, artista=null], artista=Artista [id_artista=2, anno_inizio=1965, nome=Pink Floyd, nazione=UK, data_inserimento=2025-03-18T15:14:19, data_aggiornamento=null], data_inserimento=2025-03-18T15:14:19, data_aggiornamento=null]
Tracce [id_traccia=10, nome_traccia=Bohemian Rhapsody, album=Album [id_album=4, nome_album=A Night at the Opera, genere=ROCK, data_uscita=1975-11-21, data_inserimento=2025-03-18T15:57:42, data_aggiornamento=null, artista=null], artista=Artista [id_artista=4, anno_inizio=1970, nome=Queen, nazione=UK, data_inserimento=2025-03-18T15:57:41, data_aggiornamento=null], data_inserimento=2025-03-18T15:57:42, data_aggiornamento=null]
Tracce [id_traccia=11, nome_traccia=You're My Best Friend, album=Album [id_album=4, nome_album=A Night at the Opera, genere=ROCK, data_uscita=1975-11-21, data_inserimento=2025-03-18T15:57:42, data_aggiornamento=null, artista=null], artista=Artista [id_artista=4, anno_inizio=1970, nome=Queen, nazione=UK, data_inserimento=2025-03-18T15:57:41, data_aggiornamento=null], data_inserimento=2025-03-18T15:57:42, data_aggiornamento=null]
Tracce [id_traccia=12, nome_traccia=Love of My Life, album=Album [id_album=4, nome_album=A Night at the Opera, genere=ROCK, data_uscita=1975-11-21, data_inserimento=2025-03-18T15:57:42, data_aggiornamento=null, artista=null], artista=Artista [id_artista=4, anno_inizio=1970, nome=Queen, nazione=UK, data_inserimento=2025-03-18T15:57:41, data_aggiornamento=null], data_inserimento=2025-03-18T15:57:42, data_aggiornamento=null]
Tracce [id_traccia=13, nome_traccia=Money, album=Album [id_album=5, nome_album=The Dark Side of the Moon, genere=ROCK, data_uscita=1973-03-01, data_inserimento=2025-03-18T15:57:42, data_aggiornamento=null, artista=null], artista=Artista [id_artista=5, anno_inizio=1965, nome=Pink Floyd, nazione=UK, data_inserimento=2025-03-18T15:57:41, data_aggiornamento=null], data_inserimento=2025-03-18T15:57:42, data_aggiornamento=null]
Tracce [id_traccia=14, nome_traccia=Time, album=Album [id_album=5, nome_album=The Dark Side of the Moon, genere=ROCK, data_uscita=1973-03-01, data_inserimento=2025-03-18T15:57:42, data_aggiornamento=null, artista=null], artista=Artista [id_artista=5, anno_inizio=1965, nome=Pink Floyd, nazione=UK, data_inserimento=2025-03-18T15:57:41, data_aggiornamento=null], data_inserimento=2025-03-18T15:57:42, data_aggiornamento=null]
Tracce [id_traccia=15, nome_traccia=Us and Them, album=Album [id_album=5, nome_album=The Dark Side of the Moon, genere=ROCK, data_uscita=1973-03-01, data_inserimento=2025-03-18T15:57:42, data_aggiornamento=null, artista=null], artista=Artista [id_artista=5, anno_inizio=1965, nome=Pink Floyd, nazione=UK, data_inserimento=2025-03-18T15:57:41, data_aggiornamento=null], data_inserimento=2025-03-18T15:57:42, data_aggiornamento=null]
Tracce [id_traccia=19, nome_traccia=Bohemian Rhapsody, album=Album [id_album=7, nome_album=A Night at the Opera, genere=ROCK, data_uscita=1975-11-21, data_inserimento=2025-03-18T15:58:09, data_aggiornamento=null, artista=null], artista=Artista [id_artista=7, anno_inizio=1970, nome=Queen, nazione=UK, data_inserimento=2025-03-18T15:58:09, data_aggiornamento=null], data_inserimento=2025-03-18T15:58:09, data_aggiornamento=null]
Tracce [id_traccia=20, nome_traccia=You're My Best Friend, album=Album [id_album=7, nome_album=A Night at the Opera, genere=ROCK, data_uscita=1975-11-21, data_inserimento=2025-03-18T15:58:09, data_aggiornamento=null, artista=null], artista=Artista [id_artista=7, anno_inizio=1970, nome=Queen, nazione=UK, data_inserimento=2025-03-18T15:58:09, data_aggiornamento=null], data_inserimento=2025-03-18T15:58:09, data_aggiornamento=null]
Tracce [id_traccia=21, nome_traccia=Love of My Life, album=Album [id_album=7, nome_album=A Night at the Opera, genere=ROCK, data_uscita=1975-11-21, data_inserimento=2025-03-18T15:58:09, data_aggiornamento=null, artista=null], artista=Artista [id_artista=7, anno_inizio=1970, nome=Queen, nazione=UK, data_inserimento=2025-03-18T15:58:09, data_aggiornamento=null], data_inserimento=2025-03-18T15:58:09, data_aggiornamento=null]
Tracce [id_traccia=22, nome_traccia=Money, album=Album [id_album=8, nome_album=The Dark Side of the Moon, genere=ROCK, data_uscita=1973-03-01, data_inserimento=2025-03-18T15:58:09, data_aggiornamento=null, artista=null], artista=Artista [id_artista=8, anno_inizio=1965, nome=Pink Floyd, nazione=UK, data_inserimento=2025-03-18T15:58:09, data_aggiornamento=null], data_inserimento=2025-03-18T15:58:09, data_aggiornamento=null]
Tracce [id_traccia=23, nome_traccia=Time, album=Album [id_album=8, nome_album=The Dark Side of the Moon, genere=ROCK, data_uscita=1973-03-01, data_inserimento=2025-03-18T15:58:09, data_aggiornamento=null, artista=null], artista=Artista [id_artista=8, anno_inizio=1965, nome=Pink Floyd, nazione=UK, data_inserimento=2025-03-18T15:58:09, data_aggiornamento=null], data_inserimento=2025-03-18T15:58:09, data_aggiornamento=null]
Tracce [id_traccia=24, nome_traccia=Us and Them, album=Album [id_album=8, nome_album=The Dark Side of the Moon, genere=ROCK, data_uscita=1973-03-01, data_inserimento=2025-03-18T15:58:09, data_aggiornamento=null, artista=null], artista=Artista [id_artista=8, anno_inizio=1965, nome=Pink Floyd, nazione=UK, data_inserimento=2025-03-18T15:58:09, data_aggiornamento=null], data_inserimento=2025-03-18T15:58:09, data_aggiornamento=null]
Tracce [id_traccia=28, nome_traccia=Bohemian Rhapsody, album=Album [id_album=10, nome_album=A Night at the Opera, genere=ROCK, data_uscita=1975-11-21, data_inserimento=2025-03-18T16:08:30, data_aggiornamento=null, artista=null], artista=Artista [id_artista=10, anno_inizio=1970, nome=Queen, nazione=UK, data_inserimento=2025-03-18T16:08:29, data_aggiornamento=null], data_inserimento=2025-03-18T16:08:30, data_aggiornamento=null]
Tracce [id_traccia=29, nome_traccia=You're My Best Friend, album=Album [id_album=10, nome_album=A Night at the Opera, genere=ROCK, data_uscita=1975-11-21, data_inserimento=2025-03-18T16:08:30, data_aggiornamento=null, artista=null], artista=Artista [id_artista=10, anno_inizio=1970, nome=Queen, nazione=UK, data_inserimento=2025-03-18T16:08:29, data_aggiornamento=null], data_inserimento=2025-03-18T16:08:30, data_aggiornamento=null]
Tracce [id_traccia=30, nome_traccia=Love of My Life, album=Album [id_album=10, nome_album=A Night at the Opera, genere=ROCK, data_uscita=1975-11-21, data_inserimento=2025-03-18T16:08:30, data_aggiornamento=null, artista=null], artista=Artista [id_artista=10, anno_inizio=1970, nome=Queen, nazione=UK, data_inserimento=2025-03-18T16:08:29, data_aggiornamento=null], data_inserimento=2025-03-18T16:08:30, data_aggiornamento=null]
Tracce [id_traccia=31, nome_traccia=Money, album=Album [id_album=11, nome_album=The Dark Side of the Moon, genere=ROCK, data_uscita=1973-03-01, data_inserimento=2025-03-18T16:08:30, data_aggiornamento=null, artista=null], artista=Artista [id_artista=11, anno_inizio=1965, nome=Pink Floyd, nazione=UK, data_inserimento=2025-03-18T16:08:29, data_aggiornamento=null], data_inserimento=2025-03-18T16:08:30, data_aggiornamento=null]
Tracce [id_traccia=32, nome_traccia=Time, album=Album [id_album=11, nome_album=The Dark Side of the Moon, genere=ROCK, data_uscita=1973-03-01, data_inserimento=2025-03-18T16:08:30, data_aggiornamento=null, artista=null], artista=Artista [id_artista=11, anno_inizio=1965, nome=Pink Floyd, nazione=UK, data_inserimento=2025-03-18T16:08:29, data_aggiornamento=null], data_inserimento=2025-03-18T16:08:30, data_aggiornamento=null]
Tracce [id_traccia=33, nome_traccia=Us and Them, album=Album [id_album=11, nome_album=The Dark Side of the Moon, genere=ROCK, data_uscita=1973-03-01, data_inserimento=2025-03-18T16:08:30, data_aggiornamento=null, artista=null], artista=Artista [id_artista=11, anno_inizio=1965, nome=Pink Floyd, nazione=UK, data_inserimento=2025-03-18T16:08:29, data_aggiornamento=null], data_inserimento=2025-03-18T16:08:30, data_aggiornamento=null]
Tracce [id_traccia=38, nome_traccia=Traccia Aggiornata, album=Album [id_album=1, nome_album=A Night at the Opera, genere=ROCK, data_uscita=1975-11-21, data_inserimento=2025-03-18T15:14:19, data_aggiornamento=null, artista=null], artista=Artista [id_artista=1, anno_inizio=1970, nome=Queen, nazione=UK, data_inserimento=2025-03-18T15:14:19, data_aggiornamento=null], data_inserimento=2025-03-18T16:08:31, data_aggiornamento=null]
Tracce [id_traccia=39, nome_traccia=Traccia di Prova, album=Album [id_album=1, nome_album=A Night at the Opera, genere=ROCK, data_uscita=1975-11-21, data_inserimento=2025-03-18T15:14:19, data_aggiornamento=null, artista=null], artista=Artista [id_artista=1, anno_inizio=1970, nome=Queen, nazione=UK, data_inserimento=2025-03-18T15:14:19, data_aggiornamento=null], data_inserimento=2025-03-18T16:08:31, data_aggiornamento=null]
Tracce [id_traccia=40, nome_traccia=Bohemian Rhapsody, album=Album [id_album=13, nome_album=A Night at the Opera, genere=ROCK, data_uscita=1975-11-21, data_inserimento=2025-03-18T16:08:54, data_aggiornamento=null, artista=null], artista=Artista [id_artista=16, anno_inizio=1970, nome=Queen, nazione=UK, data_inserimento=2025-03-18T16:08:53, data_aggiornamento=null], data_inserimento=2025-03-18T16:08:54, data_aggiornamento=null]
Tracce [id_traccia=41, nome_traccia=You're My Best Friend, album=Album [id_album=13, nome_album=A Night at the Opera, genere=ROCK, data_uscita=1975-11-21, data_inserimento=2025-03-18T16:08:54, data_aggiornamento=null, artista=null], artista=Artista [id_artista=16, anno_inizio=1970, nome=Queen, nazione=UK, data_inserimento=2025-03-18T16:08:53, data_aggiornamento=null], data_inserimento=2025-03-18T16:08:54, data_aggiornamento=null]
Tracce [id_traccia=42, nome_traccia=Love of My Life, album=Album [id_album=13, nome_album=A Night at the Opera, genere=ROCK, data_uscita=1975-11-21, data_inserimento=2025-03-18T16:08:54, data_aggiornamento=null, artista=null], artista=Artista [id_artista=16, anno_inizio=1970, nome=Queen, nazione=UK, data_inserimento=2025-03-18T16:08:53, data_aggiornamento=null], data_inserimento=2025-03-18T16:08:54, data_aggiornamento=null]
Tracce [id_traccia=43, nome_traccia=Money, album=Album [id_album=14, nome_album=The Dark Side of the Moon, genere=ROCK, data_uscita=1973-03-01, data_inserimento=2025-03-18T16:08:54, data_aggiornamento=null, artista=null], artista=Artista [id_artista=17, anno_inizio=1965, nome=Pink Floyd, nazione=UK, data_inserimento=2025-03-18T16:08:53, data_aggiornamento=null], data_inserimento=2025-03-18T16:08:54, data_aggiornamento=null]
Tracce [id_traccia=44, nome_traccia=Time, album=Album [id_album=14, nome_album=The Dark Side of the Moon, genere=ROCK, data_uscita=1973-03-01, data_inserimento=2025-03-18T16:08:54, data_aggiornamento=null, artista=null], artista=Artista [id_artista=17, anno_inizio=1965, nome=Pink Floyd, nazione=UK, data_inserimento=2025-03-18T16:08:53, data_aggiornamento=null], data_inserimento=2025-03-18T16:08:54, data_aggiornamento=null]
Tracce [id_traccia=45, nome_traccia=Us and Them, album=Album [id_album=14, nome_album=The Dark Side of the Moon, genere=ROCK, data_uscita=1973-03-01, data_inserimento=2025-03-18T16:08:54, data_aggiornamento=null, artista=null], artista=Artista [id_artista=17, anno_inizio=1965, nome=Pink Floyd, nazione=UK, data_inserimento=2025-03-18T16:08:53, data_aggiornamento=null], data_inserimento=2025-03-18T16:08:54, data_aggiornamento=null]
Tracce [id_traccia=50, nome_traccia=Traccia Aggiornata, album=Album [id_album=1, nome_album=A Night at the Opera, genere=ROCK, data_uscita=1975-11-21, data_inserimento=2025-03-18T15:14:19, data_aggiornamento=null, artista=null], artista=Artista [id_artista=1, anno_inizio=1970, nome=Queen, nazione=UK, data_inserimento=2025-03-18T15:14:19, data_aggiornamento=null], data_inserimento=2025-03-18T16:08:55, data_aggiornamento=null]
Tracce [id_traccia=51, nome_traccia=Traccia di Prova, album=Album [id_album=1, nome_album=A Night at the Opera, genere=ROCK, data_uscita=1975-11-21, data_inserimento=2025-03-18T15:14:19, data_aggiornamento=null, artista=null], artista=Artista [id_artista=1, anno_inizio=1970, nome=Queen, nazione=UK, data_inserimento=2025-03-18T15:14:19, data_aggiornamento=null], data_inserimento=2025-03-18T16:08:55, data_aggiornamento=null]
Tracce [id_traccia=52, nome_traccia=Bohemian Rhapsody, album=Album [id_album=16, nome_album=A Night at the Opera, genere=ROCK, data_uscita=1975-11-21, data_inserimento=2025-03-18T16:12:37, data_aggiornamento=null, artista=null], artista=Artista [id_artista=22, anno_inizio=1970, nome=Queen, nazione=UK, data_inserimento=2025-03-18T16:12:37, data_aggiornamento=null], data_inserimento=2025-03-18T16:12:37, data_aggiornamento=null]
Tracce [id_traccia=53, nome_traccia=You're My Best Friend, album=Album [id_album=16, nome_album=A Night at the Opera, genere=ROCK, data_uscita=1975-11-21, data_inserimento=2025-03-18T16:12:37, data_aggiornamento=null, artista=null], artista=Artista [id_artista=22, anno_inizio=1970, nome=Queen, nazione=UK, data_inserimento=2025-03-18T16:12:37, data_aggiornamento=null], data_inserimento=2025-03-18T16:12:37, data_aggiornamento=null]
Tracce [id_traccia=54, nome_traccia=Love of My Life, album=Album [id_album=16, nome_album=A Night at the Opera, genere=ROCK, data_uscita=1975-11-21, data_inserimento=2025-03-18T16:12:37, data_aggiornamento=null, artista=null], artista=Artista [id_artista=22, anno_inizio=1970, nome=Queen, nazione=UK, data_inserimento=2025-03-18T16:12:37, data_aggiornamento=null], data_inserimento=2025-03-18T16:12:37, data_aggiornamento=null]
Tracce [id_traccia=55, nome_traccia=Money, album=Album [id_album=17, nome_album=The Dark Side of the Moon, genere=ROCK, data_uscita=1973-03-01, data_inserimento=2025-03-18T16:12:37, data_aggiornamento=null, artista=null], artista=Artista [id_artista=23, anno_inizio=1965, nome=Pink Floyd, nazione=UK, data_inserimento=2025-03-18T16:12:37, data_aggiornamento=null], data_inserimento=2025-03-18T16:12:37, data_aggiornamento=null]
Tracce [id_traccia=56, nome_traccia=Time, album=Album [id_album=17, nome_album=The Dark Side of the Moon, genere=ROCK, data_uscita=1973-03-01, data_inserimento=2025-03-18T16:12:37, data_aggiornamento=null, artista=null], artista=Artista [id_artista=23, anno_inizio=1965, nome=Pink Floyd, nazione=UK, data_inserimento=2025-03-18T16:12:37, data_aggiornamento=null], data_inserimento=2025-03-18T16:12:37, data_aggiornamento=null]
Tracce [id_traccia=57, nome_traccia=Us and Them, album=Album [id_album=17, nome_album=The Dark Side of the Moon, genere=ROCK, data_uscita=1973-03-01, data_inserimento=2025-03-18T16:12:37, data_aggiornamento=null, artista=null], artista=Artista [id_artista=23, anno_inizio=1965, nome=Pink Floyd, nazione=UK, data_inserimento=2025-03-18T16:12:37, data_aggiornamento=null], data_inserimento=2025-03-18T16:12:37, data_aggiornamento=null]
Tracce [id_traccia=62, nome_traccia=Traccia Aggiornata, album=Album [id_album=1, nome_album=A Night at the Opera, genere=ROCK, data_uscita=1975-11-21, data_inserimento=2025-03-18T15:14:19, data_aggiornamento=null, artista=null], artista=Artista [id_artista=1, anno_inizio=1970, nome=Queen, nazione=UK, data_inserimento=2025-03-18T15:14:19, data_aggiornamento=null], data_inserimento=2025-03-18T16:12:38, data_aggiornamento=null]
Tracce [id_traccia=63, nome_traccia=Traccia di Prova, album=Album [id_album=1, nome_album=A Night at the Opera, genere=ROCK, data_uscita=1975-11-21, data_inserimento=2025-03-18T15:14:19, data_aggiornamento=null, artista=null], artista=Artista [id_artista=1, anno_inizio=1970, nome=Queen, nazione=UK, data_inserimento=2025-03-18T15:14:19, data_aggiornamento=null], data_inserimento=2025-03-18T16:12:38, data_aggiornamento=null]
Tracce [id_traccia=64, nome_traccia=Bohemian Rhapsody, album=Album [id_album=22, nome_album=A Night at the Opera, genere=ROCK, data_uscita=1975-11-21, data_inserimento=2025-03-18T16:30:30, data_aggiornamento=null, artista=null], artista=Artista [id_artista=28, anno_inizio=1970, nome=Queen, nazione=UK, data_inserimento=2025-03-18T16:30:30, data_aggiornamento=null], data_inserimento=2025-03-18T16:30:30, data_aggiornamento=null]
Tracce [id_traccia=65, nome_traccia=You're My Best Friend, album=Album [id_album=22, nome_album=A Night at the Opera, genere=ROCK, data_uscita=1975-11-21, data_inserimento=2025-03-18T16:30:30, data_aggiornamento=null, artista=null], artista=Artista [id_artista=28, anno_inizio=1970, nome=Queen, nazione=UK, data_inserimento=2025-03-18T16:30:30, data_aggiornamento=null], data_inserimento=2025-03-18T16:30:30, data_aggiornamento=null]
Tracce [id_traccia=66, nome_traccia=Love of My Life, album=Album [id_album=22, nome_album=A Night at the Opera, genere=ROCK, data_uscita=1975-11-21, data_inserimento=2025-03-18T16:30:30, data_aggiornamento=null, artista=null], artista=Artista [id_artista=28, anno_inizio=1970, nome=Queen, nazione=UK, data_inserimento=2025-03-18T16:30:30, data_aggiornamento=null], data_inserimento=2025-03-18T16:30:30, data_aggiornamento=null]
Tracce [id_traccia=67, nome_traccia=Money, album=Album [id_album=23, nome_album=The Dark Side of the Moon, genere=ROCK, data_uscita=1973-03-01, data_inserimento=2025-03-18T16:30:30, data_aggiornamento=null, artista=null], artista=Artista [id_artista=29, anno_inizio=1965, nome=Pink Floyd, nazione=UK, data_inserimento=2025-03-18T16:30:30, data_aggiornamento=null], data_inserimento=2025-03-18T16:30:30, data_aggiornamento=null]
Tracce [id_traccia=68, nome_traccia=Time, album=Album [id_album=23, nome_album=The Dark Side of the Moon, genere=ROCK, data_uscita=1973-03-01, data_inserimento=2025-03-18T16:30:30, data_aggiornamento=null, artista=null], artista=Artista [id_artista=29, anno_inizio=1965, nome=Pink Floyd, nazione=UK, data_inserimento=2025-03-18T16:30:30, data_aggiornamento=null], data_inserimento=2025-03-18T16:30:30, data_aggiornamento=null]
Tracce [id_traccia=69, nome_traccia=Us and Them, album=Album [id_album=23, nome_album=The Dark Side of the Moon, genere=ROCK, data_uscita=1973-03-01, data_inserimento=2025-03-18T16:30:30, data_aggiornamento=null, artista=null], artista=Artista [id_artista=29, anno_inizio=1965, nome=Pink Floyd, nazione=UK, data_inserimento=2025-03-18T16:30:30, data_aggiornamento=null], data_inserimento=2025-03-18T16:30:30, data_aggiornamento=null]
Tracce [id_traccia=74, nome_traccia=Traccia Aggiornata, album=Album [id_album=1, nome_album=A Night at the Opera, genere=ROCK, data_uscita=1975-11-21, data_inserimento=2025-03-18T15:14:19, data_aggiornamento=null, artista=null], artista=Artista [id_artista=1, anno_inizio=1970, nome=Queen, nazione=UK, data_inserimento=2025-03-18T15:14:19, data_aggiornamento=null], data_inserimento=2025-03-18T16:30:31, data_aggiornamento=null]
Tracce [id_traccia=75, nome_traccia=Traccia di Prova, album=Album [id_album=1, nome_album=A Night at the Opera, genere=ROCK, data_uscita=1975-11-21, data_inserimento=2025-03-18T15:14:19, data_aggiornamento=null, artista=null], artista=Artista [id_artista=1, anno_inizio=1970, nome=Queen, nazione=UK, data_inserimento=2025-03-18T15:14:19, data_aggiornamento=null], data_inserimento=2025-03-18T16:30:31, data_aggiornamento=null]
Tracce [id_traccia=76, nome_traccia=Bohemian Rhapsody, album=Album [id_album=28, nome_album=A Night at the Opera, genere=ROCK, data_uscita=1975-11-21, data_inserimento=2025-03-18T16:30:47, data_aggiornamento=null, artista=null], artista=Artista [id_artista=34, anno_inizio=1970, nome=Queen, nazione=UK, data_inserimento=2025-03-18T16:30:47, data_aggiornamento=null], data_inserimento=2025-03-18T16:30:47, data_aggiornamento=null]
Tracce [id_traccia=77, nome_traccia=You're My Best Friend, album=Album [id_album=28, nome_album=A Night at the Opera, genere=ROCK, data_uscita=1975-11-21, data_inserimento=2025-03-18T16:30:47, data_aggiornamento=null, artista=null], artista=Artista [id_artista=34, anno_inizio=1970, nome=Queen, nazione=UK, data_inserimento=2025-03-18T16:30:47, data_aggiornamento=null], data_inserimento=2025-03-18T16:30:47, data_aggiornamento=null]
Tracce [id_traccia=78, nome_traccia=Love of My Life, album=Album [id_album=28, nome_album=A Night at the Opera, genere=ROCK, data_uscita=1975-11-21, data_inserimento=2025-03-18T16:30:47, data_aggiornamento=null, artista=null], artista=Artista [id_artista=34, anno_inizio=1970, nome=Queen, nazione=UK, data_inserimento=2025-03-18T16:30:47, data_aggiornamento=null], data_inserimento=2025-03-18T16:30:47, data_aggiornamento=null]
Tracce [id_traccia=79, nome_traccia=Money, album=Album [id_album=29, nome_album=The Dark Side of the Moon, genere=ROCK, data_uscita=1973-03-01, data_inserimento=2025-03-18T16:30:47, data_aggiornamento=null, artista=null], artista=Artista [id_artista=35, anno_inizio=1965, nome=Pink Floyd, nazione=UK, data_inserimento=2025-03-18T16:30:47, data_aggiornamento=null], data_inserimento=2025-03-18T16:30:47, data_aggiornamento=null]
Tracce [id_traccia=80, nome_traccia=Time, album=Album [id_album=29, nome_album=The Dark Side of the Moon, genere=ROCK, data_uscita=1973-03-01, data_inserimento=2025-03-18T16:30:47, data_aggiornamento=null, artista=null], artista=Artista [id_artista=35, anno_inizio=1965, nome=Pink Floyd, nazione=UK, data_inserimento=2025-03-18T16:30:47, data_aggiornamento=null], data_inserimento=2025-03-18T16:30:47, data_aggiornamento=null]
Tracce [id_traccia=81, nome_traccia=Us and Them, album=Album [id_album=29, nome_album=The Dark Side of the Moon, genere=ROCK, data_uscita=1973-03-01, data_inserimento=2025-03-18T16:30:47, data_aggiornamento=null, artista=null], artista=Artista [id_artista=35, anno_inizio=1965, nome=Pink Floyd, nazione=UK, data_inserimento=2025-03-18T16:30:47, data_aggiornamento=null], data_inserimento=2025-03-18T16:30:47, data_aggiornamento=null]
Tracce [id_traccia=86, nome_traccia=Traccia Aggiornata, album=Album [id_album=1, nome_album=A Night at the Opera, genere=ROCK, data_uscita=1975-11-21, data_inserimento=2025-03-18T15:14:19, data_aggiornamento=null, artista=null], artista=Artista [id_artista=1, anno_inizio=1970, nome=Queen, nazione=UK, data_inserimento=2025-03-18T15:14:19, data_aggiornamento=null], data_inserimento=2025-03-18T16:30:48, data_aggiornamento=null]
Tracce [id_traccia=87, nome_traccia=Traccia di Prova, album=Album [id_album=1, nome_album=A Night at the Opera, genere=ROCK, data_uscita=1975-11-21, data_inserimento=2025-03-18T15:14:19, data_aggiornamento=null, artista=null], artista=Artista [id_artista=1, anno_inizio=1970, nome=Queen, nazione=UK, data_inserimento=2025-03-18T15:14:19, data_aggiornamento=null], data_inserimento=2025-03-18T16:30:48, data_aggiornamento=null]
Tracce [id_traccia=88, nome_traccia=Bohemian Rhapsody, album=Album [id_album=34, nome_album=A Night at the Opera, genere=ROCK, data_uscita=1975-11-21, data_inserimento=2025-03-18T16:30:53, data_aggiornamento=null, artista=null], artista=Artista [id_artista=40, anno_inizio=1970, nome=Queen, nazione=UK, data_inserimento=2025-03-18T16:30:53, data_aggiornamento=null], data_inserimento=2025-03-18T16:30:53, data_aggiornamento=null]
Tracce [id_traccia=89, nome_traccia=You're My Best Friend, album=Album [id_album=34, nome_album=A Night at the Opera, genere=ROCK, data_uscita=1975-11-21, data_inserimento=2025-03-18T16:30:53, data_aggiornamento=null, artista=null], artista=Artista [id_artista=40, anno_inizio=1970, nome=Queen, nazione=UK, data_inserimento=2025-03-18T16:30:53, data_aggiornamento=null], data_inserimento=2025-03-18T16:30:53, data_aggiornamento=null]
Tracce [id_traccia=90, nome_traccia=Love of My Life, album=Album [id_album=34, nome_album=A Night at the Opera, genere=ROCK, data_uscita=1975-11-21, data_inserimento=2025-03-18T16:30:53, data_aggiornamento=null, artista=null], artista=Artista [id_artista=40, anno_inizio=1970, nome=Queen, nazione=UK, data_inserimento=2025-03-18T16:30:53, data_aggiornamento=null], data_inserimento=2025-03-18T16:30:53, data_aggiornamento=null]
Tracce [id_traccia=91, nome_traccia=Money, album=Album [id_album=35, nome_album=The Dark Side of the Moon, genere=ROCK, data_uscita=1973-03-01, data_inserimento=2025-03-18T16:30:53, data_aggiornamento=null, artista=null], artista=Artista [id_artista=41, anno_inizio=1965, nome=Pink Floyd, nazione=UK, data_inserimento=2025-03-18T16:30:53, data_aggiornamento=null], data_inserimento=2025-03-18T16:30:53, data_aggiornamento=null]
Tracce [id_traccia=92, nome_traccia=Time, album=Album [id_album=35, nome_album=The Dark Side of the Moon, genere=ROCK, data_uscita=1973-03-01, data_inserimento=2025-03-18T16:30:53, data_aggiornamento=null, artista=null], artista=Artista [id_artista=41, anno_inizio=1965, nome=Pink Floyd, nazione=UK, data_inserimento=2025-03-18T16:30:53, data_aggiornamento=null], data_inserimento=2025-03-18T16:30:53, data_aggiornamento=null]
Tracce [id_traccia=93, nome_traccia=Us and Them, album=Album [id_album=35, nome_album=The Dark Side of the Moon, genere=ROCK, data_uscita=1973-03-01, data_inserimento=2025-03-18T16:30:53, data_aggiornamento=null, artista=null], artista=Artista [id_artista=41, anno_inizio=1965, nome=Pink Floyd, nazione=UK, data_inserimento=2025-03-18T16:30:53, data_aggiornamento=null], data_inserimento=2025-03-18T16:30:53, data_aggiornamento=null]
Tracce [id_traccia=98, nome_traccia=Traccia Aggiornata, album=Album [id_album=1, nome_album=A Night at the Opera, genere=ROCK, data_uscita=1975-11-21, data_inserimento=2025-03-18T15:14:19, data_aggiornamento=null, artista=null], artista=Artista [id_artista=1, anno_inizio=1970, nome=Queen, nazione=UK, data_inserimento=2025-03-18T15:14:19, data_aggiornamento=null], data_inserimento=2025-03-18T16:30:54, data_aggiornamento=null]
Tracce [id_traccia=99, nome_traccia=Traccia di Prova, album=Album [id_album=1, nome_album=A Night at the Opera, genere=ROCK, data_uscita=1975-11-21, data_inserimento=2025-03-18T15:14:19, data_aggiornamento=null, artista=null], artista=Artista [id_artista=1, anno_inizio=1970, nome=Queen, nazione=UK, data_inserimento=2025-03-18T15:14:19, data_aggiornamento=null], data_inserimento=2025-03-18T16:30:54, data_aggiornamento=null]
Tracce [id_traccia=100, nome_traccia=Bohemian Rhapsody, album=Album [id_album=40, nome_album=A Night at the Opera, genere=ROCK, data_uscita=1975-11-21, data_inserimento=2025-03-18T16:38:27, data_aggiornamento=null, artista=null], artista=Artista [id_artista=46, anno_inizio=1970, nome=Queen, nazione=UK, data_inserimento=2025-03-18T16:38:27, data_aggiornamento=null], data_inserimento=2025-03-18T16:38:27, data_aggiornamento=null]
Tracce [id_traccia=101, nome_traccia=You're My Best Friend, album=Album [id_album=40, nome_album=A Night at the Opera, genere=ROCK, data_uscita=1975-11-21, data_inserimento=2025-03-18T16:38:27, data_aggiornamento=null, artista=null], artista=Artista [id_artista=46, anno_inizio=1970, nome=Queen, nazione=UK, data_inserimento=2025-03-18T16:38:27, data_aggiornamento=null], data_inserimento=2025-03-18T16:38:27, data_aggiornamento=null]
Tracce [id_traccia=102, nome_traccia=Love of My Life, album=Album [id_album=40, nome_album=A Night at the Opera, genere=ROCK, data_uscita=1975-11-21, data_inserimento=2025-03-18T16:38:27, data_aggiornamento=null, artista=null], artista=Artista [id_artista=46, anno_inizio=1970, nome=Queen, nazione=UK, data_inserimento=2025-03-18T16:38:27, data_aggiornamento=null], data_inserimento=2025-03-18T16:38:27, data_aggiornamento=null]
Tracce [id_traccia=103, nome_traccia=Money, album=Album [id_album=41, nome_album=The Dark Side of the Moon, genere=ROCK, data_uscita=1973-03-01, data_inserimento=2025-03-18T16:38:27, data_aggiornamento=null, artista=null], artista=Artista [id_artista=47, anno_inizio=1965, nome=Pink Floyd, nazione=UK, data_inserimento=2025-03-18T16:38:27, data_aggiornamento=null], data_inserimento=2025-03-18T16:38:27, data_aggiornamento=null]
Tracce [id_traccia=104, nome_traccia=Time, album=Album [id_album=41, nome_album=The Dark Side of the Moon, genere=ROCK, data_uscita=1973-03-01, data_inserimento=2025-03-18T16:38:27, data_aggiornamento=null, artista=null], artista=Artista [id_artista=47, anno_inizio=1965, nome=Pink Floyd, nazione=UK, data_inserimento=2025-03-18T16:38:27, data_aggiornamento=null], data_inserimento=2025-03-18T16:38:27, data_aggiornamento=null]
Tracce [id_traccia=105, nome_traccia=Us and Them, album=Album [id_album=41, nome_album=The Dark Side of the Moon, genere=ROCK, data_uscita=1973-03-01, data_inserimento=2025-03-18T16:38:27, data_aggiornamento=null, artista=null], artista=Artista [id_artista=47, anno_inizio=1965, nome=Pink Floyd, nazione=UK, data_inserimento=2025-03-18T16:38:27, data_aggiornamento=null], data_inserimento=2025-03-18T16:38:27, data_aggiornamento=null]
Tracce [id_traccia=110, nome_traccia=Traccia Aggiornata, album=Album [id_album=1, nome_album=A Night at the Opera, genere=ROCK, data_uscita=1975-11-21, data_inserimento=2025-03-18T15:14:19, data_aggiornamento=null, artista=null], artista=Artista [id_artista=1, anno_inizio=1970, nome=Queen, nazione=UK, data_inserimento=2025-03-18T15:14:19, data_aggiornamento=null], data_inserimento=2025-03-18T16:38:28, data_aggiornamento=null]
Tracce [id_traccia=111, nome_traccia=Traccia di Prova, album=Album [id_album=1, nome_album=A Night at the Opera, genere=ROCK, data_uscita=1975-11-21, data_inserimento=2025-03-18T15:14:19, data_aggiornamento=null, artista=null], artista=Artista [id_artista=1, anno_inizio=1970, nome=Queen, nazione=UK, data_inserimento=2025-03-18T15:14:19, data_aggiornamento=null], data_inserimento=2025-03-18T16:38:28, data_aggiornamento=null]
Tracce [id_traccia=112, nome_traccia=Bohemian Rhapsody, album=Album [id_album=46, nome_album=A Night at the Opera, genere=ROCK, data_uscita=1975-11-21, data_inserimento=2025-03-18T16:38:33, data_aggiornamento=null, artista=null], artista=Artista [id_artista=52, anno_inizio=1970, nome=Queen, nazione=UK, data_inserimento=2025-03-18T16:38:33, data_aggiornamento=null], data_inserimento=2025-03-18T16:38:33, data_aggiornamento=null]
Tracce [id_traccia=113, nome_traccia=You're My Best Friend, album=Album [id_album=46, nome_album=A Night at the Opera, genere=ROCK, data_uscita=1975-11-21, data_inserimento=2025-03-18T16:38:33, data_aggiornamento=null, artista=null], artista=Artista [id_artista=52, anno_inizio=1970, nome=Queen, nazione=UK, data_inserimento=2025-03-18T16:38:33, data_aggiornamento=null], data_inserimento=2025-03-18T16:38:33, data_aggiornamento=null]
Tracce [id_traccia=114, nome_traccia=Love of My Life, album=Album [id_album=46, nome_album=A Night at the Opera, genere=ROCK, data_uscita=1975-11-21, data_inserimento=2025-03-18T16:38:33, data_aggiornamento=null, artista=null], artista=Artista [id_artista=52, anno_inizio=1970, nome=Queen, nazione=UK, data_inserimento=2025-03-18T16:38:33, data_aggiornamento=null], data_inserimento=2025-03-18T16:38:33, data_aggiornamento=null]
Tracce [id_traccia=115, nome_traccia=Money, album=Album [id_album=47, nome_album=The Dark Side of the Moon, genere=ROCK, data_uscita=1973-03-01, data_inserimento=2025-03-18T16:38:33, data_aggiornamento=null, artista=null], artista=Artista [id_artista=53, anno_inizio=1965, nome=Pink Floyd, nazione=UK, data_inserimento=2025-03-18T16:38:33, data_aggiornamento=null], data_inserimento=2025-03-18T16:38:33, data_aggiornamento=null]
Tracce [id_traccia=116, nome_traccia=Time, album=Album [id_album=47, nome_album=The Dark Side of the Moon, genere=ROCK, data_uscita=1973-03-01, data_inserimento=2025-03-18T16:38:33, data_aggiornamento=null, artista=null], artista=Artista [id_artista=53, anno_inizio=1965, nome=Pink Floyd, nazione=UK, data_inserimento=2025-03-18T16:38:33, data_aggiornamento=null], data_inserimento=2025-03-18T16:38:33, data_aggiornamento=null]
Tracce [id_traccia=117, nome_traccia=Us and Them, album=Album [id_album=47, nome_album=The Dark Side of the Moon, genere=ROCK, data_uscita=1973-03-01, data_inserimento=2025-03-18T16:38:33, data_aggiornamento=null, artista=null], artista=Artista [id_artista=53, anno_inizio=1965, nome=Pink Floyd, nazione=UK, data_inserimento=2025-03-18T16:38:33, data_aggiornamento=null], data_inserimento=2025-03-18T16:38:33, data_aggiornamento=null]

Artisti:
Artista [id_artista=17, anno_inizio=1965, nome=Pink Floyd, nazione=UK, data_inserimento=2025-03-18T16:08:53, data_aggiornamento=null]
Artista [id_artista=2, anno_inizio=1965, nome=Pink Floyd, nazione=UK, data_inserimento=2025-03-18T15:14:19, data_aggiornamento=null]
Artista [id_artista=47, anno_inizio=1965, nome=Pink Floyd, nazione=UK, data_inserimento=2025-03-18T16:38:27, data_aggiornamento=null]
Artista [id_artista=5, anno_inizio=1965, nome=Pink Floyd, nazione=UK, data_inserimento=2025-03-18T15:57:41, data_aggiornamento=null]
Artista [id_artista=41, anno_inizio=1965, nome=Pink Floyd, nazione=UK, data_inserimento=2025-03-18T16:30:53, data_aggiornamento=null]
Artista [id_artista=8, anno_inizio=1965, nome=Pink Floyd, nazione=UK, data_inserimento=2025-03-18T15:58:09, data_aggiornamento=null]
Artista [id_artista=35, anno_inizio=1965, nome=Pink Floyd, nazione=UK, data_inserimento=2025-03-18T16:30:47, data_aggiornamento=null]
Artista [id_artista=11, anno_inizio=1965, nome=Pink Floyd, nazione=UK, data_inserimento=2025-03-18T16:08:29, data_aggiornamento=null]
Artista [id_artista=29, anno_inizio=1965, nome=Pink Floyd, nazione=UK, data_inserimento=2025-03-18T16:30:30, data_aggiornamento=null]
Artista [id_artista=53, anno_inizio=1965, nome=Pink Floyd, nazione=UK, data_inserimento=2025-03-18T16:38:33, data_aggiornamento=null]
Artista [id_artista=23, anno_inizio=1965, nome=Pink Floyd, nazione=UK, data_inserimento=2025-03-18T16:12:37, data_aggiornamento=null]
Artista [id_artista=28, anno_inizio=1970, nome=Queen, nazione=UK, data_inserimento=2025-03-18T16:30:30, data_aggiornamento=null]
Artista [id_artista=34, anno_inizio=1970, nome=Queen, nazione=UK, data_inserimento=2025-03-18T16:30:47, data_aggiornamento=null]
Artista [id_artista=52, anno_inizio=1970, nome=Queen, nazione=UK, data_inserimento=2025-03-18T16:38:33, data_aggiornamento=null]
Artista [id_artista=22, anno_inizio=1970, nome=Queen, nazione=UK, data_inserimento=2025-03-18T16:12:37, data_aggiornamento=null]
Artista [id_artista=16, anno_inizio=1970, nome=Queen, nazione=UK, data_inserimento=2025-03-18T16:08:53, data_aggiornamento=null]
Artista [id_artista=4, anno_inizio=1970, nome=Queen, nazione=UK, data_inserimento=2025-03-18T15:57:41, data_aggiornamento=null]
Artista [id_artista=46, anno_inizio=1970, nome=Queen, nazione=UK, data_inserimento=2025-03-18T16:38:27, data_aggiornamento=null]
Artista [id_artista=7, anno_inizio=1970, nome=Queen, nazione=UK, data_inserimento=2025-03-18T15:58:09, data_aggiornamento=null]
Artista [id_artista=40, anno_inizio=1970, nome=Queen, nazione=UK, data_inserimento=2025-03-18T16:30:53, data_aggiornamento=null]
Artista [id_artista=1, anno_inizio=1970, nome=Queen, nazione=UK, data_inserimento=2025-03-18T15:14:19, data_aggiornamento=null]
Artista [id_artista=10, anno_inizio=1970, nome=Queen, nazione=UK, data_inserimento=2025-03-18T16:08:29, data_aggiornamento=null]
Artista [id_artista=38, anno_inizio=1980, nome=Artista Aggiornato, nazione=Nazione di Prova, data_inserimento=2025-03-18T16:30:48, data_aggiornamento=null]
Artista [id_artista=33, anno_inizio=1980, nome=Artista di Prova, nazione=Nazione di Prova, data_inserimento=2025-03-18T16:30:31, data_aggiornamento=null]
Artista [id_artista=32, anno_inizio=1980, nome=Artista Aggiornato, nazione=Nazione di Prova, data_inserimento=2025-03-18T16:30:31, data_aggiornamento=null]
Artista [id_artista=39, anno_inizio=1980, nome=Artista di Prova, nazione=Nazione di Prova, data_inserimento=2025-03-18T16:30:48, data_aggiornamento=null]
Artista [id_artista=14, anno_inizio=1980, nome=Artista Aggiornato, nazione=Nazione di Prova, data_inserimento=2025-03-18T16:08:31, data_aggiornamento=null]
Artista [id_artista=15, anno_inizio=1980, nome=Artista di Prova, nazione=Nazione di Prova, data_inserimento=2025-03-18T16:08:31, data_aggiornamento=null]
Artista [id_artista=44, anno_inizio=1980, nome=Artista Aggiornato, nazione=Nazione di Prova, data_inserimento=2025-03-18T16:30:54, data_aggiornamento=null]
Artista [id_artista=45, anno_inizio=1980, nome=Artista di Prova, nazione=Nazione di Prova, data_inserimento=2025-03-18T16:30:54, data_aggiornamento=null]
Artista [id_artista=27, anno_inizio=1980, nome=Artista di Prova, nazione=Nazione di Prova, data_inserimento=2025-03-18T16:12:38, data_aggiornamento=null]
Artista [id_artista=26, anno_inizio=1980, nome=Artista Aggiornato, nazione=Nazione di Prova, data_inserimento=2025-03-18T16:12:38, data_aggiornamento=null]
Artista [id_artista=50, anno_inizio=1980, nome=Artista Aggiornato, nazione=Nazione di Prova, data_inserimento=2025-03-18T16:38:28, data_aggiornamento=null]
Artista [id_artista=51, anno_inizio=1980, nome=Artista di Prova, nazione=Nazione di Prova, data_inserimento=2025-03-18T16:38:28, data_aggiornamento=null]
Artista [id_artista=21, anno_inizio=1980, nome=Artista di Prova, nazione=Nazione di Prova, data_inserimento=2025-03-18T16:08:55, data_aggiornamento=null]
Artista [id_artista=20, anno_inizio=1980, nome=Artista Aggiornato, nazione=Nazione di Prova, data_inserimento=2025-03-18T16:08:55, data_aggiornamento=null]

Album:
Album [id_album=17, nome_album=The Dark Side of the Moon, genere=ROCK, data_uscita=1973-03-01, data_inserimento=2025-03-18T16:12:37, data_aggiornamento=null, artista=Artista [id_artista=23, anno_inizio=1965, nome=Pink Floyd, nazione=UK, data_inserimento=2025-03-18T16:12:37, data_aggiornamento=null]]
Album [id_album=2, nome_album=The Dark Side of the Moon, genere=ROCK, data_uscita=1973-03-01, data_inserimento=2025-03-18T15:14:19, data_aggiornamento=null, artista=Artista [id_artista=2, anno_inizio=1965, nome=Pink Floyd, nazione=UK, data_inserimento=2025-03-18T15:14:19, data_aggiornamento=null]]
Album [id_album=41, nome_album=The Dark Side of the Moon, genere=ROCK, data_uscita=1973-03-01, data_inserimento=2025-03-18T16:38:27, data_aggiornamento=null, artista=Artista [id_artista=47, anno_inizio=1965, nome=Pink Floyd, nazione=UK, data_inserimento=2025-03-18T16:38:27, data_aggiornamento=null]]
Album [id_album=5, nome_album=The Dark Side of the Moon, genere=ROCK, data_uscita=1973-03-01, data_inserimento=2025-03-18T15:57:42, data_aggiornamento=null, artista=Artista [id_artista=5, anno_inizio=1965, nome=Pink Floyd, nazione=UK, data_inserimento=2025-03-18T15:57:41, data_aggiornamento=null]]
Album [id_album=35, nome_album=The Dark Side of the Moon, genere=ROCK, data_uscita=1973-03-01, data_inserimento=2025-03-18T16:30:53, data_aggiornamento=null, artista=Artista [id_artista=41, anno_inizio=1965, nome=Pink Floyd, nazione=UK, data_inserimento=2025-03-18T16:30:53, data_aggiornamento=null]]
Album [id_album=8, nome_album=The Dark Side of the Moon, genere=ROCK, data_uscita=1973-03-01, data_inserimento=2025-03-18T15:58:09, data_aggiornamento=null, artista=Artista [id_artista=8, anno_inizio=1965, nome=Pink Floyd, nazione=UK, data_inserimento=2025-03-18T15:58:09, data_aggiornamento=null]]
Album [id_album=29, nome_album=The Dark Side of the Moon, genere=ROCK, data_uscita=1973-03-01, data_inserimento=2025-03-18T16:30:47, data_aggiornamento=null, artista=Artista [id_artista=35, anno_inizio=1965, nome=Pink Floyd, nazione=UK, data_inserimento=2025-03-18T16:30:47, data_aggiornamento=null]]
Album [id_album=11, nome_album=The Dark Side of the Moon, genere=ROCK, data_uscita=1973-03-01, data_inserimento=2025-03-18T16:08:30, data_aggiornamento=null, artista=Artista [id_artista=11, anno_inizio=1965, nome=Pink Floyd, nazione=UK, data_inserimento=2025-03-18T16:08:29, data_aggiornamento=null]]
Album [id_album=47, nome_album=The Dark Side of the Moon, genere=ROCK, data_uscita=1973-03-01, data_inserimento=2025-03-18T16:38:33, data_aggiornamento=null, artista=Artista [id_artista=53, anno_inizio=1965, nome=Pink Floyd, nazione=UK, data_inserimento=2025-03-18T16:38:33, data_aggiornamento=null]]
Album [id_album=14, nome_album=The Dark Side of the Moon, genere=ROCK, data_uscita=1973-03-01, data_inserimento=2025-03-18T16:08:54, data_aggiornamento=null, artista=Artista [id_artista=17, anno_inizio=1965, nome=Pink Floyd, nazione=UK, data_inserimento=2025-03-18T16:08:53, data_aggiornamento=null]]
Album [id_album=23, nome_album=The Dark Side of the Moon, genere=ROCK, data_uscita=1973-03-01, data_inserimento=2025-03-18T16:30:30, data_aggiornamento=null, artista=Artista [id_artista=29, anno_inizio=1965, nome=Pink Floyd, nazione=UK, data_inserimento=2025-03-18T16:30:30, data_aggiornamento=null]]
Album [id_album=1, nome_album=A Night at the Opera, genere=ROCK, data_uscita=1975-11-21, data_inserimento=2025-03-18T15:14:19, data_aggiornamento=null, artista=Artista [id_artista=1, anno_inizio=1970, nome=Queen, nazione=UK, data_inserimento=2025-03-18T15:14:19, data_aggiornamento=null]]
Album [id_album=22, nome_album=A Night at the Opera, genere=ROCK, data_uscita=1975-11-21, data_inserimento=2025-03-18T16:30:30, data_aggiornamento=null, artista=Artista [id_artista=28, anno_inizio=1970, nome=Queen, nazione=UK, data_inserimento=2025-03-18T16:30:30, data_aggiornamento=null]]
Album [id_album=16, nome_album=A Night at the Opera, genere=ROCK, data_uscita=1975-11-21, data_inserimento=2025-03-18T16:12:37, data_aggiornamento=null, artista=Artista [id_artista=22, anno_inizio=1970, nome=Queen, nazione=UK, data_inserimento=2025-03-18T16:12:37, data_aggiornamento=null]]
Album [id_album=13, nome_album=A Night at the Opera, genere=ROCK, data_uscita=1975-11-21, data_inserimento=2025-03-18T16:08:54, data_aggiornamento=null, artista=Artista [id_artista=16, anno_inizio=1970, nome=Queen, nazione=UK, data_inserimento=2025-03-18T16:08:53, data_aggiornamento=null]]
Album [id_album=28, nome_album=A Night at the Opera, genere=ROCK, data_uscita=1975-11-21, data_inserimento=2025-03-18T16:30:47, data_aggiornamento=null, artista=Artista [id_artista=34, anno_inizio=1970, nome=Queen, nazione=UK, data_inserimento=2025-03-18T16:30:47, data_aggiornamento=null]]
Album [id_album=10, nome_album=A Night at the Opera, genere=ROCK, data_uscita=1975-11-21, data_inserimento=2025-03-18T16:08:30, data_aggiornamento=null, artista=Artista [id_artista=10, anno_inizio=1970, nome=Queen, nazione=UK, data_inserimento=2025-03-18T16:08:29, data_aggiornamento=null]]
Album [id_album=34, nome_album=A Night at the Opera, genere=ROCK, data_uscita=1975-11-21, data_inserimento=2025-03-18T16:30:53, data_aggiornamento=null, artista=Artista [id_artista=40, anno_inizio=1970, nome=Queen, nazione=UK, data_inserimento=2025-03-18T16:30:53, data_aggiornamento=null]]
Album [id_album=7, nome_album=A Night at the Opera, genere=ROCK, data_uscita=1975-11-21, data_inserimento=2025-03-18T15:58:09, data_aggiornamento=null, artista=Artista [id_artista=7, anno_inizio=1970, nome=Queen, nazione=UK, data_inserimento=2025-03-18T15:58:09, data_aggiornamento=null]]
Album [id_album=40, nome_album=A Night at the Opera, genere=ROCK, data_uscita=1975-11-21, data_inserimento=2025-03-18T16:38:27, data_aggiornamento=null, artista=Artista [id_artista=46, anno_inizio=1970, nome=Queen, nazione=UK, data_inserimento=2025-03-18T16:38:27, data_aggiornamento=null]]
Album [id_album=4, nome_album=A Night at the Opera, genere=ROCK, data_uscita=1975-11-21, data_inserimento=2025-03-18T15:57:42, data_aggiornamento=null, artista=Artista [id_artista=4, anno_inizio=1970, nome=Queen, nazione=UK, data_inserimento=2025-03-18T15:57:41, data_aggiornamento=null]]
Album [id_album=46, nome_album=A Night at the Opera, genere=ROCK, data_uscita=1975-11-21, data_inserimento=2025-03-18T16:38:33, data_aggiornamento=null, artista=Artista [id_artista=52, anno_inizio=1970, nome=Queen, nazione=UK, data_inserimento=2025-03-18T16:38:33, data_aggiornamento=null]]
Album [id_album=20, nome_album=Album Aggiornato, genere=POP, data_uscita=2025-03-18, data_inserimento=2025-03-18T16:12:38, data_aggiornamento=null, artista=Artista [id_artista=1, anno_inizio=1970, nome=Queen, nazione=UK, data_inserimento=2025-03-18T15:14:19, data_aggiornamento=null]]
Album [id_album=21, nome_album=Album di Prova, genere=ROCK, data_uscita=2025-03-18, data_inserimento=2025-03-18T16:12:38, data_aggiornamento=null, artista=Artista [id_artista=1, anno_inizio=1970, nome=Queen, nazione=UK, data_inserimento=2025-03-18T15:14:19, data_aggiornamento=null]]
Album [id_album=27, nome_album=Album di Prova, genere=ROCK, data_uscita=2025-03-18, data_inserimento=2025-03-18T16:30:31, data_aggiornamento=null, artista=Artista [id_artista=1, anno_inizio=1970, nome=Queen, nazione=UK, data_inserimento=2025-03-18T15:14:19, data_aggiornamento=null]]
Album [id_album=32, nome_album=Album Aggiornato, genere=POP, data_uscita=2025-03-18, data_inserimento=2025-03-18T16:30:48, data_aggiornamento=null, artista=Artista [id_artista=1, anno_inizio=1970, nome=Queen, nazione=UK, data_inserimento=2025-03-18T15:14:19, data_aggiornamento=null]]
Album [id_album=33, nome_album=Album di Prova, genere=ROCK, data_uscita=2025-03-18, data_inserimento=2025-03-18T16:30:48, data_aggiornamento=null, artista=Artista [id_artista=1, anno_inizio=1970, nome=Queen, nazione=UK, data_inserimento=2025-03-18T15:14:19, data_aggiornamento=null]]
Album [id_album=38, nome_album=Album Aggiornato, genere=POP, data_uscita=2025-03-18, data_inserimento=2025-03-18T16:30:54, data_aggiornamento=null, artista=Artista [id_artista=1, anno_inizio=1970, nome=Queen, nazione=UK, data_inserimento=2025-03-18T15:14:19, data_aggiornamento=null]]
Album [id_album=39, nome_album=Album di Prova, genere=ROCK, data_uscita=2025-03-18, data_inserimento=2025-03-18T16:30:54, data_aggiornamento=null, artista=Artista [id_artista=1, anno_inizio=1970, nome=Queen, nazione=UK, data_inserimento=2025-03-18T15:14:19, data_aggiornamento=null]]
Album [id_album=44, nome_album=Album Aggiornato, genere=POP, data_uscita=2025-03-18, data_inserimento=2025-03-18T16:38:28, data_aggiornamento=null, artista=Artista [id_artista=1, anno_inizio=1970, nome=Queen, nazione=UK, data_inserimento=2025-03-18T15:14:19, data_aggiornamento=null]]
Album [id_album=45, nome_album=Album di Prova, genere=ROCK, data_uscita=2025-03-18, data_inserimento=2025-03-18T16:38:28, data_aggiornamento=null, artista=Artista [id_artista=1, anno_inizio=1970, nome=Queen, nazione=UK, data_inserimento=2025-03-18T15:14:19, data_aggiornamento=null]]
Album [id_album=26, nome_album=Album Aggiornato, genere=POP, data_uscita=2025-03-18, data_inserimento=2025-03-18T16:30:31, data_aggiornamento=null, artista=Artista [id_artista=1, anno_inizio=1970, nome=Queen, nazione=UK, data_inserimento=2025-03-18T15:14:19, data_aggiornamento=null]]

Tracce:
Tracce [id_traccia=1, nome_traccia=Bohemian Rhapsody, album=Album [id_album=1, nome_album=A Night at the Opera, genere=ROCK, data_uscita=1975-11-21, data_inserimento=2025-03-18T15:14:19, data_aggiornamento=null, artista=null], artista=Artista [id_artista=1, anno_inizio=1970, nome=Queen, nazione=UK, data_inserimento=2025-03-18T15:14:19, data_aggiornamento=null], data_inserimento=2025-03-18T15:14:19, data_aggiornamento=null]
Tracce [id_traccia=2, nome_traccia=You're My Best Friend, album=Album [id_album=1, nome_album=A Night at the Opera, genere=ROCK, data_uscita=1975-11-21, data_inserimento=2025-03-18T15:14:19, data_aggiornamento=null, artista=null], artista=Artista [id_artista=1, anno_inizio=1970, nome=Queen, nazione=UK, data_inserimento=2025-03-18T15:14:19, data_aggiornamento=null], data_inserimento=2025-03-18T15:14:19, data_aggiornamento=null]
Tracce [id_traccia=3, nome_traccia=Love of My Life, album=Album [id_album=1, nome_album=A Night at the Opera, genere=ROCK, data_uscita=1975-11-21, data_inserimento=2025-03-18T15:14:19, data_aggiornamento=null, artista=null], artista=Artista [id_artista=1, anno_inizio=1970, nome=Queen, nazione=UK, data_inserimento=2025-03-18T15:14:19, data_aggiornamento=null], data_inserimento=2025-03-18T15:14:19, data_aggiornamento=null]
Tracce [id_traccia=4, nome_traccia=Money, album=Album [id_album=2, nome_album=The Dark Side of the Moon, genere=ROCK, data_uscita=1973-03-01, data_inserimento=2025-03-18T15:14:19, data_aggiornamento=null, artista=null], artista=Artista [id_artista=2, anno_inizio=1965, nome=Pink Floyd, nazione=UK, data_inserimento=2025-03-18T15:14:19, data_aggiornamento=null], data_inserimento=2025-03-18T15:14:19, data_aggiornamento=null]
Tracce [id_traccia=5, nome_traccia=Time, album=Album [id_album=2, nome_album=The Dark Side of the Moon, genere=ROCK, data_uscita=1973-03-01, data_inserimento=2025-03-18T15:14:19, data_aggiornamento=null, artista=null], artista=Artista [id_artista=2, anno_inizio=1965, nome=Pink Floyd, nazione=UK, data_inserimento=2025-03-18T15:14:19, data_aggiornamento=null], data_inserimento=2025-03-18T15:14:19, data_aggiornamento=null]
Tracce [id_traccia=6, nome_traccia=Us and Them, album=Album [id_album=2, nome_album=The Dark Side of the Moon, genere=ROCK, data_uscita=1973-03-01, data_inserimento=2025-03-18T15:14:19, data_aggiornamento=null, artista=null], artista=Artista [id_artista=2, anno_inizio=1965, nome=Pink Floyd, nazione=UK, data_inserimento=2025-03-18T15:14:19, data_aggiornamento=null], data_inserimento=2025-03-18T15:14:19, data_aggiornamento=null]
Tracce [id_traccia=10, nome_traccia=Bohemian Rhapsody, album=Album [id_album=4, nome_album=A Night at the Opera, genere=ROCK, data_uscita=1975-11-21, data_inserimento=2025-03-18T15:57:42, data_aggiornamento=null, artista=null], artista=Artista [id_artista=4, anno_inizio=1970, nome=Queen, nazione=UK, data_inserimento=2025-03-18T15:57:41, data_aggiornamento=null], data_inserimento=2025-03-18T15:57:42, data_aggiornamento=null]
Tracce [id_traccia=11, nome_traccia=You're My Best Friend, album=Album [id_album=4, nome_album=A Night at the Opera, genere=ROCK, data_uscita=1975-11-21, data_inserimento=2025-03-18T15:57:42, data_aggiornamento=null, artista=null], artista=Artista [id_artista=4, anno_inizio=1970, nome=Queen, nazione=UK, data_inserimento=2025-03-18T15:57:41, data_aggiornamento=null], data_inserimento=2025-03-18T15:57:42, data_aggiornamento=null]
Tracce [id_traccia=12, nome_traccia=Love of My Life, album=Album [id_album=4, nome_album=A Night at the Opera, genere=ROCK, data_uscita=1975-11-21, data_inserimento=2025-03-18T15:57:42, data_aggiornamento=null, artista=null], artista=Artista [id_artista=4, anno_inizio=1970, nome=Queen, nazione=UK, data_inserimento=2025-03-18T15:57:41, data_aggiornamento=null], data_inserimento=2025-03-18T15:57:42, data_aggiornamento=null]
Tracce [id_traccia=13, nome_traccia=Money, album=Album [id_album=5, nome_album=The Dark Side of the Moon, genere=ROCK, data_uscita=1973-03-01, data_inserimento=2025-03-18T15:57:42, data_aggiornamento=null, artista=null], artista=Artista [id_artista=5, anno_inizio=1965, nome=Pink Floyd, nazione=UK, data_inserimento=2025-03-18T15:57:41, data_aggiornamento=null], data_inserimento=2025-03-18T15:57:42, data_aggiornamento=null]
Tracce [id_traccia=14, nome_traccia=Time, album=Album [id_album=5, nome_album=The Dark Side of the Moon, genere=ROCK, data_uscita=1973-03-01, data_inserimento=2025-03-18T15:57:42, data_aggiornamento=null, artista=null], artista=Artista [id_artista=5, anno_inizio=1965, nome=Pink Floyd, nazione=UK, data_inserimento=2025-03-18T15:57:41, data_aggiornamento=null], data_inserimento=2025-03-18T15:57:42, data_aggiornamento=null]
Tracce [id_traccia=15, nome_traccia=Us and Them, album=Album [id_album=5, nome_album=The Dark Side of the Moon, genere=ROCK, data_uscita=1973-03-01, data_inserimento=2025-03-18T15:57:42, data_aggiornamento=null, artista=null], artista=Artista [id_artista=5, anno_inizio=1965, nome=Pink Floyd, nazione=UK, data_inserimento=2025-03-18T15:57:41, data_aggiornamento=null], data_inserimento=2025-03-18T15:57:42, data_aggiornamento=null]
Tracce [id_traccia=19, nome_traccia=Bohemian Rhapsody, album=Album [id_album=7, nome_album=A Night at the Opera, genere=ROCK, data_uscita=1975-11-21, data_inserimento=2025-03-18T15:58:09, data_aggiornamento=null, artista=null], artista=Artista [id_artista=7, anno_inizio=1970, nome=Queen, nazione=UK, data_inserimento=2025-03-18T15:58:09, data_aggiornamento=null], data_inserimento=2025-03-18T15:58:09, data_aggiornamento=null]
Tracce [id_traccia=20, nome_traccia=You're My Best Friend, album=Album [id_album=7, nome_album=A Night at the Opera, genere=ROCK, data_uscita=1975-11-21, data_inserimento=2025-03-18T15:58:09, data_aggiornamento=null, artista=null], artista=Artista [id_artista=7, anno_inizio=1970, nome=Queen, nazione=UK, data_inserimento=2025-03-18T15:58:09, data_aggiornamento=null], data_inserimento=2025-03-18T15:58:09, data_aggiornamento=null]
Tracce [id_traccia=21, nome_traccia=Love of My Life, album=Album [id_album=7, nome_album=A Night at the Opera, genere=ROCK, data_uscita=1975-11-21, data_inserimento=2025-03-18T15:58:09, data_aggiornamento=null, artista=null], artista=Artista [id_artista=7, anno_inizio=1970, nome=Queen, nazione=UK, data_inserimento=2025-03-18T15:58:09, data_aggiornamento=null], data_inserimento=2025-03-18T15:58:09, data_aggiornamento=null]
Tracce [id_traccia=22, nome_traccia=Money, album=Album [id_album=8, nome_album=The Dark Side of the Moon, genere=ROCK, data_uscita=1973-03-01, data_inserimento=2025-03-18T15:58:09, data_aggiornamento=null, artista=null], artista=Artista [id_artista=8, anno_inizio=1965, nome=Pink Floyd, nazione=UK, data_inserimento=2025-03-18T15:58:09, data_aggiornamento=null], data_inserimento=2025-03-18T15:58:09, data_aggiornamento=null]
Tracce [id_traccia=23, nome_traccia=Time, album=Album [id_album=8, nome_album=The Dark Side of the Moon, genere=ROCK, data_uscita=1973-03-01, data_inserimento=2025-03-18T15:58:09, data_aggiornamento=null, artista=null], artista=Artista [id_artista=8, anno_inizio=1965, nome=Pink Floyd, nazione=UK, data_inserimento=2025-03-18T15:58:09, data_aggiornamento=null], data_inserimento=2025-03-18T15:58:09, data_aggiornamento=null]
Tracce [id_traccia=24, nome_traccia=Us and Them, album=Album [id_album=8, nome_album=The Dark Side of the Moon, genere=ROCK, data_uscita=1973-03-01, data_inserimento=2025-03-18T15:58:09, data_aggiornamento=null, artista=null], artista=Artista [id_artista=8, anno_inizio=1965, nome=Pink Floyd, nazione=UK, data_inserimento=2025-03-18T15:58:09, data_aggiornamento=null], data_inserimento=2025-03-18T15:58:09, data_aggiornamento=null]
Tracce [id_traccia=28, nome_traccia=Bohemian Rhapsody, album=Album [id_album=10, nome_album=A Night at the Opera, genere=ROCK, data_uscita=1975-11-21, data_inserimento=2025-03-18T16:08:30, data_aggiornamento=null, artista=null], artista=Artista [id_artista=10, anno_inizio=1970, nome=Queen, nazione=UK, data_inserimento=2025-03-18T16:08:29, data_aggiornamento=null], data_inserimento=2025-03-18T16:08:30, data_aggiornamento=null]
Tracce [id_traccia=29, nome_traccia=You're My Best Friend, album=Album [id_album=10, nome_album=A Night at the Opera, genere=ROCK, data_uscita=1975-11-21, data_inserimento=2025-03-18T16:08:30, data_aggiornamento=null, artista=null], artista=Artista [id_artista=10, anno_inizio=1970, nome=Queen, nazione=UK, data_inserimento=2025-03-18T16:08:29, data_aggiornamento=null], data_inserimento=2025-03-18T16:08:30, data_aggiornamento=null]
Tracce [id_traccia=30, nome_traccia=Love of My Life, album=Album [id_album=10, nome_album=A Night at the Opera, genere=ROCK, data_uscita=1975-11-21, data_inserimento=2025-03-18T16:08:30, data_aggiornamento=null, artista=null], artista=Artista [id_artista=10, anno_inizio=1970, nome=Queen, nazione=UK, data_inserimento=2025-03-18T16:08:29, data_aggiornamento=null], data_inserimento=2025-03-18T16:08:30, data_aggiornamento=null]
Tracce [id_traccia=31, nome_traccia=Money, album=Album [id_album=11, nome_album=The Dark Side of the Moon, genere=ROCK, data_uscita=1973-03-01, data_inserimento=2025-03-18T16:08:30, data_aggiornamento=null, artista=null], artista=Artista [id_artista=11, anno_inizio=1965, nome=Pink Floyd, nazione=UK, data_inserimento=2025-03-18T16:08:29, data_aggiornamento=null], data_inserimento=2025-03-18T16:08:30, data_aggiornamento=null]
Tracce [id_traccia=32, nome_traccia=Time, album=Album [id_album=11, nome_album=The Dark Side of the Moon, genere=ROCK, data_uscita=1973-03-01, data_inserimento=2025-03-18T16:08:30, data_aggiornamento=null, artista=null], artista=Artista [id_artista=11, anno_inizio=1965, nome=Pink Floyd, nazione=UK, data_inserimento=2025-03-18T16:08:29, data_aggiornamento=null], data_inserimento=2025-03-18T16:08:30, data_aggiornamento=null]
Tracce [id_traccia=33, nome_traccia=Us and Them, album=Album [id_album=11, nome_album=The Dark Side of the Moon, genere=ROCK, data_uscita=1973-03-01, data_inserimento=2025-03-18T16:08:30, data_aggiornamento=null, artista=null], artista=Artista [id_artista=11, anno_inizio=1965, nome=Pink Floyd, nazione=UK, data_inserimento=2025-03-18T16:08:29, data_aggiornamento=null], data_inserimento=2025-03-18T16:08:30, data_aggiornamento=null]
Tracce [id_traccia=38, nome_traccia=Traccia Aggiornata, album=Album [id_album=1, nome_album=A Night at the Opera, genere=ROCK, data_uscita=1975-11-21, data_inserimento=2025-03-18T15:14:19, data_aggiornamento=null, artista=null], artista=Artista [id_artista=1, anno_inizio=1970, nome=Queen, nazione=UK, data_inserimento=2025-03-18T15:14:19, data_aggiornamento=null], data_inserimento=2025-03-18T16:08:31, data_aggiornamento=null]
Tracce [id_traccia=39, nome_traccia=Traccia di Prova, album=Album [id_album=1, nome_album=A Night at the Opera, genere=ROCK, data_uscita=1975-11-21, data_inserimento=2025-03-18T15:14:19, data_aggiornamento=null, artista=null], artista=Artista [id_artista=1, anno_inizio=1970, nome=Queen, nazione=UK, data_inserimento=2025-03-18T15:14:19, data_aggiornamento=null], data_inserimento=2025-03-18T16:08:31, data_aggiornamento=null]
Tracce [id_traccia=40, nome_traccia=Bohemian Rhapsody, album=Album [id_album=13, nome_album=A Night at the Opera, genere=ROCK, data_uscita=1975-11-21, data_inserimento=2025-03-18T16:08:54, data_aggiornamento=null, artista=null], artista=Artista [id_artista=16, anno_inizio=1970, nome=Queen, nazione=UK, data_inserimento=2025-03-18T16:08:53, data_aggiornamento=null], data_inserimento=2025-03-18T16:08:54, data_aggiornamento=null]
Tracce [id_traccia=41, nome_traccia=You're My Best Friend, album=Album [id_album=13, nome_album=A Night at the Opera, genere=ROCK, data_uscita=1975-11-21, data_inserimento=2025-03-18T16:08:54, data_aggiornamento=null, artista=null], artista=Artista [id_artista=16, anno_inizio=1970, nome=Queen, nazione=UK, data_inserimento=2025-03-18T16:08:53, data_aggiornamento=null], data_inserimento=2025-03-18T16:08:54, data_aggiornamento=null]
Tracce [id_traccia=42, nome_traccia=Love of My Life, album=Album [id_album=13, nome_album=A Night at the Opera, genere=ROCK, data_uscita=1975-11-21, data_inserimento=2025-03-18T16:08:54, data_aggiornamento=null, artista=null], artista=Artista [id_artista=16, anno_inizio=1970, nome=Queen, nazione=UK, data_inserimento=2025-03-18T16:08:53, data_aggiornamento=null], data_inserimento=2025-03-18T16:08:54, data_aggiornamento=null]
Tracce [id_traccia=43, nome_traccia=Money, album=Album [id_album=14, nome_album=The Dark Side of the Moon, genere=ROCK, data_uscita=1973-03-01, data_inserimento=2025-03-18T16:08:54, data_aggiornamento=null, artista=null], artista=Artista [id_artista=17, anno_inizio=1965, nome=Pink Floyd, nazione=UK, data_inserimento=2025-03-18T16:08:53, data_aggiornamento=null], data_inserimento=2025-03-18T16:08:54, data_aggiornamento=null]
Tracce [id_traccia=44, nome_traccia=Time, album=Album [id_album=14, nome_album=The Dark Side of the Moon, genere=ROCK, data_uscita=1973-03-01, data_inserimento=2025-03-18T16:08:54, data_aggiornamento=null, artista=null], artista=Artista [id_artista=17, anno_inizio=1965, nome=Pink Floyd, nazione=UK, data_inserimento=2025-03-18T16:08:53, data_aggiornamento=null], data_inserimento=2025-03-18T16:08:54, data_aggiornamento=null]
Tracce [id_traccia=45, nome_traccia=Us and Them, album=Album [id_album=14, nome_album=The Dark Side of the Moon, genere=ROCK, data_uscita=1973-03-01, data_inserimento=2025-03-18T16:08:54, data_aggiornamento=null, artista=null], artista=Artista [id_artista=17, anno_inizio=1965, nome=Pink Floyd, nazione=UK, data_inserimento=2025-03-18T16:08:53, data_aggiornamento=null], data_inserimento=2025-03-18T16:08:54, data_aggiornamento=null]
Tracce [id_traccia=50, nome_traccia=Traccia Aggiornata, album=Album [id_album=1, nome_album=A Night at the Opera, genere=ROCK, data_uscita=1975-11-21, data_inserimento=2025-03-18T15:14:19, data_aggiornamento=null, artista=null], artista=Artista [id_artista=1, anno_inizio=1970, nome=Queen, nazione=UK, data_inserimento=2025-03-18T15:14:19, data_aggiornamento=null], data_inserimento=2025-03-18T16:08:55, data_aggiornamento=null]
Tracce [id_traccia=51, nome_traccia=Traccia di Prova, album=Album [id_album=1, nome_album=A Night at the Opera, genere=ROCK, data_uscita=1975-11-21, data_inserimento=2025-03-18T15:14:19, data_aggiornamento=null, artista=null], artista=Artista [id_artista=1, anno_inizio=1970, nome=Queen, nazione=UK, data_inserimento=2025-03-18T15:14:19, data_aggiornamento=null], data_inserimento=2025-03-18T16:08:55, data_aggiornamento=null]
Tracce [id_traccia=52, nome_traccia=Bohemian Rhapsody, album=Album [id_album=16, nome_album=A Night at the Opera, genere=ROCK, data_uscita=1975-11-21, data_inserimento=2025-03-18T16:12:37, data_aggiornamento=null, artista=null], artista=Artista [id_artista=22, anno_inizio=1970, nome=Queen, nazione=UK, data_inserimento=2025-03-18T16:12:37, data_aggiornamento=null], data_inserimento=2025-03-18T16:12:37, data_aggiornamento=null]
Tracce [id_traccia=53, nome_traccia=You're My Best Friend, album=Album [id_album=16, nome_album=A Night at the Opera, genere=ROCK, data_uscita=1975-11-21, data_inserimento=2025-03-18T16:12:37, data_aggiornamento=null, artista=null], artista=Artista [id_artista=22, anno_inizio=1970, nome=Queen, nazione=UK, data_inserimento=2025-03-18T16:12:37, data_aggiornamento=null], data_inserimento=2025-03-18T16:12:37, data_aggiornamento=null]
Tracce [id_traccia=54, nome_traccia=Love of My Life, album=Album [id_album=16, nome_album=A Night at the Opera, genere=ROCK, data_uscita=1975-11-21, data_inserimento=2025-03-18T16:12:37, data_aggiornamento=null, artista=null], artista=Artista [id_artista=22, anno_inizio=1970, nome=Queen, nazione=UK, data_inserimento=2025-03-18T16:12:37, data_aggiornamento=null], data_inserimento=2025-03-18T16:12:37, data_aggiornamento=null]
Tracce [id_traccia=55, nome_traccia=Money, album=Album [id_album=17, nome_album=The Dark Side of the Moon, genere=ROCK, data_uscita=1973-03-01, data_inserimento=2025-03-18T16:12:37, data_aggiornamento=null, artista=null], artista=Artista [id_artista=23, anno_inizio=1965, nome=Pink Floyd, nazione=UK, data_inserimento=2025-03-18T16:12:37, data_aggiornamento=null], data_inserimento=2025-03-18T16:12:37, data_aggiornamento=null]
Tracce [id_traccia=56, nome_traccia=Time, album=Album [id_album=17, nome_album=The Dark Side of the Moon, genere=ROCK, data_uscita=1973-03-01, data_inserimento=2025-03-18T16:12:37, data_aggiornamento=null, artista=null], artista=Artista [id_artista=23, anno_inizio=1965, nome=Pink Floyd, nazione=UK, data_inserimento=2025-03-18T16:12:37, data_aggiornamento=null], data_inserimento=2025-03-18T16:12:37, data_aggiornamento=null]
Tracce [id_traccia=57, nome_traccia=Us and Them, album=Album [id_album=17, nome_album=The Dark Side of the Moon, genere=ROCK, data_uscita=1973-03-01, data_inserimento=2025-03-18T16:12:37, data_aggiornamento=null, artista=null], artista=Artista [id_artista=23, anno_inizio=1965, nome=Pink Floyd, nazione=UK, data_inserimento=2025-03-18T16:12:37, data_aggiornamento=null], data_inserimento=2025-03-18T16:12:37, data_aggiornamento=null]
Tracce [id_traccia=62, nome_traccia=Traccia Aggiornata, album=Album [id_album=1, nome_album=A Night at the Opera, genere=ROCK, data_uscita=1975-11-21, data_inserimento=2025-03-18T15:14:19, data_aggiornamento=null, artista=null], artista=Artista [id_artista=1, anno_inizio=1970, nome=Queen, nazione=UK, data_inserimento=2025-03-18T15:14:19, data_aggiornamento=null], data_inserimento=2025-03-18T16:12:38, data_aggiornamento=null]
Tracce [id_traccia=63, nome_traccia=Traccia di Prova, album=Album [id_album=1, nome_album=A Night at the Opera, genere=ROCK, data_uscita=1975-11-21, data_inserimento=2025-03-18T15:14:19, data_aggiornamento=null, artista=null], artista=Artista [id_artista=1, anno_inizio=1970, nome=Queen, nazione=UK, data_inserimento=2025-03-18T15:14:19, data_aggiornamento=null], data_inserimento=2025-03-18T16:12:38, data_aggiornamento=null]
Tracce [id_traccia=64, nome_traccia=Bohemian Rhapsody, album=Album [id_album=22, nome_album=A Night at the Opera, genere=ROCK, data_uscita=1975-11-21, data_inserimento=2025-03-18T16:30:30, data_aggiornamento=null, artista=null], artista=Artista [id_artista=28, anno_inizio=1970, nome=Queen, nazione=UK, data_inserimento=2025-03-18T16:30:30, data_aggiornamento=null], data_inserimento=2025-03-18T16:30:30, data_aggiornamento=null]
Tracce [id_traccia=65, nome_traccia=You're My Best Friend, album=Album [id_album=22, nome_album=A Night at the Opera, genere=ROCK, data_uscita=1975-11-21, data_inserimento=2025-03-18T16:30:30, data_aggiornamento=null, artista=null], artista=Artista [id_artista=28, anno_inizio=1970, nome=Queen, nazione=UK, data_inserimento=2025-03-18T16:30:30, data_aggiornamento=null], data_inserimento=2025-03-18T16:30:30, data_aggiornamento=null]
Tracce [id_traccia=66, nome_traccia=Love of My Life, album=Album [id_album=22, nome_album=A Night at the Opera, genere=ROCK, data_uscita=1975-11-21, data_inserimento=2025-03-18T16:30:30, data_aggiornamento=null, artista=null], artista=Artista [id_artista=28, anno_inizio=1970, nome=Queen, nazione=UK, data_inserimento=2025-03-18T16:30:30, data_aggiornamento=null], data_inserimento=2025-03-18T16:30:30, data_aggiornamento=null]
Tracce [id_traccia=67, nome_traccia=Money, album=Album [id_album=23, nome_album=The Dark Side of the Moon, genere=ROCK, data_uscita=1973-03-01, data_inserimento=2025-03-18T16:30:30, data_aggiornamento=null, artista=null], artista=Artista [id_artista=29, anno_inizio=1965, nome=Pink Floyd, nazione=UK, data_inserimento=2025-03-18T16:30:30, data_aggiornamento=null], data_inserimento=2025-03-18T16:30:30, data_aggiornamento=null]
Tracce [id_traccia=68, nome_traccia=Time, album=Album [id_album=23, nome_album=The Dark Side of the Moon, genere=ROCK, data_uscita=1973-03-01, data_inserimento=2025-03-18T16:30:30, data_aggiornamento=null, artista=null], artista=Artista [id_artista=29, anno_inizio=1965, nome=Pink Floyd, nazione=UK, data_inserimento=2025-03-18T16:30:30, data_aggiornamento=null], data_inserimento=2025-03-18T16:30:30, data_aggiornamento=null]
Tracce [id_traccia=69, nome_traccia=Us and Them, album=Album [id_album=23, nome_album=The Dark Side of the Moon, genere=ROCK, data_uscita=1973-03-01, data_inserimento=2025-03-18T16:30:30, data_aggiornamento=null, artista=null], artista=Artista [id_artista=29, anno_inizio=1965, nome=Pink Floyd, nazione=UK, data_inserimento=2025-03-18T16:30:30, data_aggiornamento=null], data_inserimento=2025-03-18T16:30:30, data_aggiornamento=null]
Tracce [id_traccia=74, nome_traccia=Traccia Aggiornata, album=Album [id_album=1, nome_album=A Night at the Opera, genere=ROCK, data_uscita=1975-11-21, data_inserimento=2025-03-18T15:14:19, data_aggiornamento=null, artista=null], artista=Artista [id_artista=1, anno_inizio=1970, nome=Queen, nazione=UK, data_inserimento=2025-03-18T15:14:19, data_aggiornamento=null], data_inserimento=2025-03-18T16:30:31, data_aggiornamento=null]
Tracce [id_traccia=75, nome_traccia=Traccia di Prova, album=Album [id_album=1, nome_album=A Night at the Opera, genere=ROCK, data_uscita=1975-11-21, data_inserimento=2025-03-18T15:14:19, data_aggiornamento=null, artista=null], artista=Artista [id_artista=1, anno_inizio=1970, nome=Queen, nazione=UK, data_inserimento=2025-03-18T15:14:19, data_aggiornamento=null], data_inserimento=2025-03-18T16:30:31, data_aggiornamento=null]
Tracce [id_traccia=76, nome_traccia=Bohemian Rhapsody, album=Album [id_album=28, nome_album=A Night at the Opera, genere=ROCK, data_uscita=1975-11-21, data_inserimento=2025-03-18T16:30:47, data_aggiornamento=null, artista=null], artista=Artista [id_artista=34, anno_inizio=1970, nome=Queen, nazione=UK, data_inserimento=2025-03-18T16:30:47, data_aggiornamento=null], data_inserimento=2025-03-18T16:30:47, data_aggiornamento=null]
Tracce [id_traccia=77, nome_traccia=You're My Best Friend, album=Album [id_album=28, nome_album=A Night at the Opera, genere=ROCK, data_uscita=1975-11-21, data_inserimento=2025-03-18T16:30:47, data_aggiornamento=null, artista=null], artista=Artista [id_artista=34, anno_inizio=1970, nome=Queen, nazione=UK, data_inserimento=2025-03-18T16:30:47, data_aggiornamento=null], data_inserimento=2025-03-18T16:30:47, data_aggiornamento=null]
Tracce [id_traccia=78, nome_traccia=Love of My Life, album=Album [id_album=28, nome_album=A Night at the Opera, genere=ROCK, data_uscita=1975-11-21, data_inserimento=2025-03-18T16:30:47, data_aggiornamento=null, artista=null], artista=Artista [id_artista=34, anno_inizio=1970, nome=Queen, nazione=UK, data_inserimento=2025-03-18T16:30:47, data_aggiornamento=null], data_inserimento=2025-03-18T16:30:47, data_aggiornamento=null]
Tracce [id_traccia=79, nome_traccia=Money, album=Album [id_album=29, nome_album=The Dark Side of the Moon, genere=ROCK, data_uscita=1973-03-01, data_inserimento=2025-03-18T16:30:47, data_aggiornamento=null, artista=null], artista=Artista [id_artista=35, anno_inizio=1965, nome=Pink Floyd, nazione=UK, data_inserimento=2025-03-18T16:30:47, data_aggiornamento=null], data_inserimento=2025-03-18T16:30:47, data_aggiornamento=null]
Tracce [id_traccia=80, nome_traccia=Time, album=Album [id_album=29, nome_album=The Dark Side of the Moon, genere=ROCK, data_uscita=1973-03-01, data_inserimento=2025-03-18T16:30:47, data_aggiornamento=null, artista=null], artista=Artista [id_artista=35, anno_inizio=1965, nome=Pink Floyd, nazione=UK, data_inserimento=2025-03-18T16:30:47, data_aggiornamento=null], data_inserimento=2025-03-18T16:30:47, data_aggiornamento=null]
Tracce [id_traccia=81, nome_traccia=Us and Them, album=Album [id_album=29, nome_album=The Dark Side of the Moon, genere=ROCK, data_uscita=1973-03-01, data_inserimento=2025-03-18T16:30:47, data_aggiornamento=null, artista=null], artista=Artista [id_artista=35, anno_inizio=1965, nome=Pink Floyd, nazione=UK, data_inserimento=2025-03-18T16:30:47, data_aggiornamento=null], data_inserimento=2025-03-18T16:30:47, data_aggiornamento=null]
Tracce [id_traccia=86, nome_traccia=Traccia Aggiornata, album=Album [id_album=1, nome_album=A Night at the Opera, genere=ROCK, data_uscita=1975-11-21, data_inserimento=2025-03-18T15:14:19, data_aggiornamento=null, artista=null], artista=Artista [id_artista=1, anno_inizio=1970, nome=Queen, nazione=UK, data_inserimento=2025-03-18T15:14:19, data_aggiornamento=null], data_inserimento=2025-03-18T16:30:48, data_aggiornamento=null]
Tracce [id_traccia=87, nome_traccia=Traccia di Prova, album=Album [id_album=1, nome_album=A Night at the Opera, genere=ROCK, data_uscita=1975-11-21, data_inserimento=2025-03-18T15:14:19, data_aggiornamento=null, artista=null], artista=Artista [id_artista=1, anno_inizio=1970, nome=Queen, nazione=UK, data_inserimento=2025-03-18T15:14:19, data_aggiornamento=null], data_inserimento=2025-03-18T16:30:48, data_aggiornamento=null]
Tracce [id_traccia=88, nome_traccia=Bohemian Rhapsody, album=Album [id_album=34, nome_album=A Night at the Opera, genere=ROCK, data_uscita=1975-11-21, data_inserimento=2025-03-18T16:30:53, data_aggiornamento=null, artista=null], artista=Artista [id_artista=40, anno_inizio=1970, nome=Queen, nazione=UK, data_inserimento=2025-03-18T16:30:53, data_aggiornamento=null], data_inserimento=2025-03-18T16:30:53, data_aggiornamento=null]
Tracce [id_traccia=89, nome_traccia=You're My Best Friend, album=Album [id_album=34, nome_album=A Night at the Opera, genere=ROCK, data_uscita=1975-11-21, data_inserimento=2025-03-18T16:30:53, data_aggiornamento=null, artista=null], artista=Artista [id_artista=40, anno_inizio=1970, nome=Queen, nazione=UK, data_inserimento=2025-03-18T16:30:53, data_aggiornamento=null], data_inserimento=2025-03-18T16:30:53, data_aggiornamento=null]
Tracce [id_traccia=90, nome_traccia=Love of My Life, album=Album [id_album=34, nome_album=A Night at the Opera, genere=ROCK, data_uscita=1975-11-21, data_inserimento=2025-03-18T16:30:53, data_aggiornamento=null, artista=null], artista=Artista [id_artista=40, anno_inizio=1970, nome=Queen, nazione=UK, data_inserimento=2025-03-18T16:30:53, data_aggiornamento=null], data_inserimento=2025-03-18T16:30:53, data_aggiornamento=null]
Tracce [id_traccia=91, nome_traccia=Money, album=Album [id_album=35, nome_album=The Dark Side of the Moon, genere=ROCK, data_uscita=1973-03-01, data_inserimento=2025-03-18T16:30:53, data_aggiornamento=null, artista=null], artista=Artista [id_artista=41, anno_inizio=1965, nome=Pink Floyd, nazione=UK, data_inserimento=2025-03-18T16:30:53, data_aggiornamento=null], data_inserimento=2025-03-18T16:30:53, data_aggiornamento=null]
Tracce [id_traccia=92, nome_traccia=Time, album=Album [id_album=35, nome_album=The Dark Side of the Moon, genere=ROCK, data_uscita=1973-03-01, data_inserimento=2025-03-18T16:30:53, data_aggiornamento=null, artista=null], artista=Artista [id_artista=41, anno_inizio=1965, nome=Pink Floyd, nazione=UK, data_inserimento=2025-03-18T16:30:53, data_aggiornamento=null], data_inserimento=2025-03-18T16:30:53, data_aggiornamento=null]
Tracce [id_traccia=93, nome_traccia=Us and Them, album=Album [id_album=35, nome_album=The Dark Side of the Moon, genere=ROCK, data_uscita=1973-03-01, data_inserimento=2025-03-18T16:30:53, data_aggiornamento=null, artista=null], artista=Artista [id_artista=41, anno_inizio=1965, nome=Pink Floyd, nazione=UK, data_inserimento=2025-03-18T16:30:53, data_aggiornamento=null], data_inserimento=2025-03-18T16:30:53, data_aggiornamento=null]
Tracce [id_traccia=98, nome_traccia=Traccia Aggiornata, album=Album [id_album=1, nome_album=A Night at the Opera, genere=ROCK, data_uscita=1975-11-21, data_inserimento=2025-03-18T15:14:19, data_aggiornamento=null, artista=null], artista=Artista [id_artista=1, anno_inizio=1970, nome=Queen, nazione=UK, data_inserimento=2025-03-18T15:14:19, data_aggiornamento=null], data_inserimento=2025-03-18T16:30:54, data_aggiornamento=null]
Tracce [id_traccia=99, nome_traccia=Traccia di Prova, album=Album [id_album=1, nome_album=A Night at the Opera, genere=ROCK, data_uscita=1975-11-21, data_inserimento=2025-03-18T15:14:19, data_aggiornamento=null, artista=null], artista=Artista [id_artista=1, anno_inizio=1970, nome=Queen, nazione=UK, data_inserimento=2025-03-18T15:14:19, data_aggiornamento=null], data_inserimento=2025-03-18T16:30:54, data_aggiornamento=null]
Tracce [id_traccia=100, nome_traccia=Bohemian Rhapsody, album=Album [id_album=40, nome_album=A Night at the Opera, genere=ROCK, data_uscita=1975-11-21, data_inserimento=2025-03-18T16:38:27, data_aggiornamento=null, artista=null], artista=Artista [id_artista=46, anno_inizio=1970, nome=Queen, nazione=UK, data_inserimento=2025-03-18T16:38:27, data_aggiornamento=null], data_inserimento=2025-03-18T16:38:27, data_aggiornamento=null]
Tracce [id_traccia=101, nome_traccia=You're My Best Friend, album=Album [id_album=40, nome_album=A Night at the Opera, genere=ROCK, data_uscita=1975-11-21, data_inserimento=2025-03-18T16:38:27, data_aggiornamento=null, artista=null], artista=Artista [id_artista=46, anno_inizio=1970, nome=Queen, nazione=UK, data_inserimento=2025-03-18T16:38:27, data_aggiornamento=null], data_inserimento=2025-03-18T16:38:27, data_aggiornamento=null]
Tracce [id_traccia=102, nome_traccia=Love of My Life, album=Album [id_album=40, nome_album=A Night at the Opera, genere=ROCK, data_uscita=1975-11-21, data_inserimento=2025-03-18T16:38:27, data_aggiornamento=null, artista=null], artista=Artista [id_artista=46, anno_inizio=1970, nome=Queen, nazione=UK, data_inserimento=2025-03-18T16:38:27, data_aggiornamento=null], data_inserimento=2025-03-18T16:38:27, data_aggiornamento=null]
Tracce [id_traccia=103, nome_traccia=Money, album=Album [id_album=41, nome_album=The Dark Side of the Moon, genere=ROCK, data_uscita=1973-03-01, data_inserimento=2025-03-18T16:38:27, data_aggiornamento=null, artista=null], artista=Artista [id_artista=47, anno_inizio=1965, nome=Pink Floyd, nazione=UK, data_inserimento=2025-03-18T16:38:27, data_aggiornamento=null], data_inserimento=2025-03-18T16:38:27, data_aggiornamento=null]
Tracce [id_traccia=104, nome_traccia=Time, album=Album [id_album=41, nome_album=The Dark Side of the Moon, genere=ROCK, data_uscita=1973-03-01, data_inserimento=2025-03-18T16:38:27, data_aggiornamento=null, artista=null], artista=Artista [id_artista=47, anno_inizio=1965, nome=Pink Floyd, nazione=UK, data_inserimento=2025-03-18T16:38:27, data_aggiornamento=null], data_inserimento=2025-03-18T16:38:27, data_aggiornamento=null]
Tracce [id_traccia=105, nome_traccia=Us and Them, album=Album [id_album=41, nome_album=The Dark Side of the Moon, genere=ROCK, data_uscita=1973-03-01, data_inserimento=2025-03-18T16:38:27, data_aggiornamento=null, artista=null], artista=Artista [id_artista=47, anno_inizio=1965, nome=Pink Floyd, nazione=UK, data_inserimento=2025-03-18T16:38:27, data_aggiornamento=null], data_inserimento=2025-03-18T16:38:27, data_aggiornamento=null]
Tracce [id_traccia=110, nome_traccia=Traccia Aggiornata, album=Album [id_album=1, nome_album=A Night at the Opera, genere=ROCK, data_uscita=1975-11-21, data_inserimento=2025-03-18T15:14:19, data_aggiornamento=null, artista=null], artista=Artista [id_artista=1, anno_inizio=1970, nome=Queen, nazione=UK, data_inserimento=2025-03-18T15:14:19, data_aggiornamento=null], data_inserimento=2025-03-18T16:38:28, data_aggiornamento=null]
Tracce [id_traccia=111, nome_traccia=Traccia di Prova, album=Album [id_album=1, nome_album=A Night at the Opera, genere=ROCK, data_uscita=1975-11-21, data_inserimento=2025-03-18T15:14:19, data_aggiornamento=null, artista=null], artista=Artista [id_artista=1, anno_inizio=1970, nome=Queen, nazione=UK, data_inserimento=2025-03-18T15:14:19, data_aggiornamento=null], data_inserimento=2025-03-18T16:38:28, data_aggiornamento=null]
Tracce [id_traccia=112, nome_traccia=Bohemian Rhapsody, album=Album [id_album=46, nome_album=A Night at the Opera, genere=ROCK, data_uscita=1975-11-21, data_inserimento=2025-03-18T16:38:33, data_aggiornamento=null, artista=null], artista=Artista [id_artista=52, anno_inizio=1970, nome=Queen, nazione=UK, data_inserimento=2025-03-18T16:38:33, data_aggiornamento=null], data_inserimento=2025-03-18T16:38:33, data_aggiornamento=null]
Tracce [id_traccia=113, nome_traccia=You're My Best Friend, album=Album [id_album=46, nome_album=A Night at the Opera, genere=ROCK, data_uscita=1975-11-21, data_inserimento=2025-03-18T16:38:33, data_aggiornamento=null, artista=null], artista=Artista [id_artista=52, anno_inizio=1970, nome=Queen, nazione=UK, data_inserimento=2025-03-18T16:38:33, data_aggiornamento=null], data_inserimento=2025-03-18T16:38:33, data_aggiornamento=null]
Tracce [id_traccia=114, nome_traccia=Love of My Life, album=Album [id_album=46, nome_album=A Night at the Opera, genere=ROCK, data_uscita=1975-11-21, data_inserimento=2025-03-18T16:38:33, data_aggiornamento=null, artista=null], artista=Artista [id_artista=52, anno_inizio=1970, nome=Queen, nazione=UK, data_inserimento=2025-03-18T16:38:33, data_aggiornamento=null], data_inserimento=2025-03-18T16:38:33, data_aggiornamento=null]
Tracce [id_traccia=115, nome_traccia=Money, album=Album [id_album=47, nome_album=The Dark Side of the Moon, genere=ROCK, data_uscita=1973-03-01, data_inserimento=2025-03-18T16:38:33, data_aggiornamento=null, artista=null], artista=Artista [id_artista=53, anno_inizio=1965, nome=Pink Floyd, nazione=UK, data_inserimento=2025-03-18T16:38:33, data_aggiornamento=null], data_inserimento=2025-03-18T16:38:33, data_aggiornamento=null]
Tracce [id_traccia=116, nome_traccia=Time, album=Album [id_album=47, nome_album=The Dark Side of the Moon, genere=ROCK, data_uscita=1973-03-01, data_inserimento=2025-03-18T16:38:33, data_aggiornamento=null, artista=null], artista=Artista [id_artista=53, anno_inizio=1965, nome=Pink Floyd, nazione=UK, data_inserimento=2025-03-18T16:38:33, data_aggiornamento=null], data_inserimento=2025-03-18T16:38:33, data_aggiornamento=null]
Tracce [id_traccia=117, nome_traccia=Us and Them, album=Album [id_album=47, nome_album=The Dark Side of the Moon, genere=ROCK, data_uscita=1973-03-01, data_inserimento=2025-03-18T16:38:33, data_aggiornamento=null, artista=null], artista=Artista [id_artista=53, anno_inizio=1965, nome=Pink Floyd, nazione=UK, data_inserimento=2025-03-18T16:38:33, data_aggiornamento=null], data_inserimento=2025-03-18T16:38:33, data_aggiornamento=null]
]]></system-out>
    <system-err><![CDATA[mar 18, 2025 4:38:33 PM com.example.music.dao.ArtistaDaoImpl save
INFORMAZIONI: Creato l'artista con il seguente ID: 52
mar 18, 2025 4:38:33 PM com.example.music.dao.ArtistaDaoImpl save
INFORMAZIONI: Creato l'artista con il seguente ID: 53
mar 18, 2025 4:38:33 PM com.example.music.dao.ArtistaDaoImpl save
INFORMAZIONI: Creato l'artista con il seguente ID: 54
mar 18, 2025 4:38:33 PM com.example.music.dao.AlbumDaoImpl save
INFORMAZIONI: Album creato con successo. ID: 46
mar 18, 2025 4:38:33 PM com.example.music.dao.AlbumDaoImpl save
INFORMAZIONI: Album creato con successo. ID: 47
mar 18, 2025 4:38:33 PM com.example.music.dao.AlbumDaoImpl save
INFORMAZIONI: Album creato con successo. ID: 48
mar 18, 2025 4:38:33 PM com.example.music.dao.TracceDaoImpl save
INFORMAZIONI: Traccia creata con successo. ID: 112
mar 18, 2025 4:38:33 PM com.example.music.dao.TracceDaoImpl save
INFORMAZIONI: Traccia creata con successo. ID: 113
mar 18, 2025 4:38:33 PM com.example.music.dao.TracceDaoImpl save
INFORMAZIONI: Traccia creata con successo. ID: 114
mar 18, 2025 4:38:33 PM com.example.music.dao.TracceDaoImpl save
INFORMAZIONI: Traccia creata con successo. ID: 115
mar 18, 2025 4:38:33 PM com.example.music.dao.TracceDaoImpl save
INFORMAZIONI: Traccia creata con successo. ID: 116
mar 18, 2025 4:38:33 PM com.example.music.dao.TracceDaoImpl save
INFORMAZIONI: Traccia creata con successo. ID: 117
mar 18, 2025 4:38:33 PM com.example.music.dao.TracceDaoImpl save
INFORMAZIONI: Traccia creata con successo. ID: 118
mar 18, 2025 4:38:33 PM com.example.music.dao.TracceDaoImpl save
INFORMAZIONI: Traccia creata con successo. ID: 119
mar 18, 2025 4:38:33 PM com.example.music.dao.TracceDaoImpl save
INFORMAZIONI: Traccia creata con successo. ID: 120
mar 18, 2025 4:38:33 PM com.example.music.dao.ArtistaDaoImpl findById
INFORMAZIONI: Trovato l'artista con il seguente ID: 52
mar 18, 2025 4:38:33 PM com.example.music.dao.ArtistaDaoImpl findById
INFORMAZIONI: Trovato l'artista con il seguente ID: 52
mar 18, 2025 4:38:33 PM com.example.music.dao.ArtistaDaoImpl update
INFORMAZIONI: Aggiornato l'artista con il seguente ID: 52
mar 18, 2025 4:38:33 PM com.example.music.dao.ArtistaDaoImpl findById
INFORMAZIONI: Trovato l'artista con il seguente ID: 52
mar 18, 2025 4:38:33 PM com.example.music.dao.ArtistaDaoImpl deleteById
INFORMAZIONI: Rimosso l'artista con ID: 54
mar 18, 2025 4:38:33 PM com.example.music.dao.ArtistaDaoImpl findAll
INFORMAZIONI: Sono stati trovati 36 artisti
mar 18, 2025 4:38:33 PM com.example.music.dao.AlbumDaoImpl findById
INFORMAZIONI: Album trovato con successo. ID: 46 - A Night at the Operas - Artista: Queen
mar 18, 2025 4:38:33 PM com.example.music.dao.AlbumDaoImpl update
INFORMAZIONI: Album con ID 46 aggiornato con successo.
mar 18, 2025 4:38:33 PM com.example.music.dao.AlbumDaoImpl findById
INFORMAZIONI: Album trovato con successo. ID: 46 - A Night at the Opera - Artista: Queen
mar 18, 2025 4:38:33 PM com.example.music.dao.AlbumDaoImpl findById
AVVERTENZA: Nessun album trovato con ID: 48
mar 18, 2025 4:38:33 PM com.example.music.dao.AlbumDaoImpl deleteById
AVVERTENZA: Impossibile rimuovere l'album con ID: 48
mar 18, 2025 4:38:33 PM com.example.music.dao.AlbumDaoImpl findAll
INFORMAZIONI: Sono stati trovati 32 album.
mar 18, 2025 4:38:33 PM com.example.music.dao.TracceDaoImpl findById
INFORMAZIONI: Traccia trovata con successo. ID: 112
mar 18, 2025 4:38:33 PM com.example.music.dao.TracceDaoImpl update
INFORMAZIONI: Traccia con ID 112 aggiornata con successo.
mar 18, 2025 4:38:33 PM com.example.music.dao.TracceDaoImpl findById
INFORMAZIONI: Traccia trovata con successo. ID: 112
mar 18, 2025 4:38:33 PM com.example.music.dao.TracceDaoImpl findById
AVVERTENZA: Nessuna traccia trovata con ID: 120
mar 18, 2025 4:38:33 PM com.example.music.dao.TracceDaoImpl deleteById
AVVERTENZA: Impossibile rimuovere la traccia con ID: 120
mar 18, 2025 4:38:33 PM com.example.music.dao.TracceDaoImpl findAll
INFORMAZIONI: Sono state trovate 80 tracce.
mar 18, 2025 4:38:33 PM com.example.music.dao.ArtistaDaoImpl findAll
INFORMAZIONI: Sono stati trovati 36 artisti
mar 18, 2025 4:38:33 PM com.example.music.dao.AlbumDaoImpl findAll
INFORMAZIONI: Sono stati trovati 32 album.
mar 18, 2025 4:38:33 PM com.example.music.dao.TracceDaoImpl findAll
INFORMAZIONI: Sono state trovate 80 tracce.
]]></system-err>
  </testcase>
</testsuite>