<?xml version="1.0" encoding="UTF-8"?>
<testsuite xmlns:xsi="http://www.w3.org/2001/XMLSchema-instance" xsi:noNamespaceSchemaLocation="https://maven.apache.org/surefire/maven-surefire-plugin/xsd/surefire-test-report.xsd" version="3.0.1" name="com.example.test.music.dao.AlbumDaoImplTest" time="0.081" tests="4" errors="0" skipped="0" failures="0">
  <properties>
    <property name="java.specification.version" value="23"/>
    <property name="sun.jnu.encoding" value="UTF-8"/>
    <property name="java.class.path" value="/Users/salvatorevigano/eclipse-workspace/music/target/test-classes:/Users/salvatorevigano/eclipse-workspace/music/target/classes:/Users/salvatorevigano/.m2/repository/org/junit/jupiter/junit-jupiter-api/5.8.2/junit-jupiter-api-5.8.2.jar:/Users/salvatorevigano/.m2/repository/org/opentest4j/opentest4j/1.2.0/opentest4j-1.2.0.jar:/Users/salvatorevigano/.m2/repository/org/junit/platform/junit-platform-commons/1.8.2/junit-platform-commons-1.8.2.jar:/Users/salvatorevigano/.m2/repository/org/apiguardian/apiguardian-api/1.1.2/apiguardian-api-1.1.2.jar:/Users/salvatorevigano/.m2/repository/org/junit/jupiter/junit-jupiter-engine/5.8.2/junit-jupiter-engine-5.8.2.jar:/Users/salvatorevigano/.m2/repository/org/junit/platform/junit-platform-engine/1.8.2/junit-platform-engine-1.8.2.jar:/Users/salvatorevigano/.m2/repository/com/mysql/mysql-connector-j/9.2.0/mysql-connector-j-9.2.0.jar:/Users/salvatorevigano/.m2/repository/com/google/protobuf/protobuf-java/4.29.0/protobuf-java-4.29.0.jar:"/>
    <property name="java.vm.vendor" value="Homebrew"/>
    <property name="sun.arch.data.model" value="64"/>
    <property name="java.vendor.url" value="https://github.com/Homebrew/homebrew-core/issues"/>
    <property name="user.timezone" value="Europe/Rome"/>
    <property name="os.name" value="Mac OS X"/>
    <property name="java.vm.specification.version" value="23"/>
    <property name="sun.java.launcher" value="SUN_STANDARD"/>
    <property name="user.country" value="IT"/>
    <property name="sun.boot.library.path" value="/opt/homebrew/Cellar/openjdk/23.0.2/libexec/openjdk.jdk/Contents/Home/lib"/>
    <property name="sun.java.command" value="/Users/salvatorevigano/eclipse-workspace/music/target/surefire/surefirebooter-20250318163832587_3.jar /Users/salvatorevigano/eclipse-workspace/music/target/surefire 2025-03-18T16-38-32_554-jvmRun1 surefire-20250318163832587_1tmp surefire_0-20250318163832587_2tmp"/>
    <property name="http.nonProxyHosts" value="local|*.local|169.254/16|*.169.254/16"/>
    <property name="jdk.debug" value="release"/>
    <property name="surefire.test.class.path" value="/Users/salvatorevigano/eclipse-workspace/music/target/test-classes:/Users/salvatorevigano/eclipse-workspace/music/target/classes:/Users/salvatorevigano/.m2/repository/org/junit/jupiter/junit-jupiter-api/5.8.2/junit-jupiter-api-5.8.2.jar:/Users/salvatorevigano/.m2/repository/org/opentest4j/opentest4j/1.2.0/opentest4j-1.2.0.jar:/Users/salvatorevigano/.m2/repository/org/junit/platform/junit-platform-commons/1.8.2/junit-platform-commons-1.8.2.jar:/Users/salvatorevigano/.m2/repository/org/apiguardian/apiguardian-api/1.1.2/apiguardian-api-1.1.2.jar:/Users/salvatorevigano/.m2/repository/org/junit/jupiter/junit-jupiter-engine/5.8.2/junit-jupiter-engine-5.8.2.jar:/Users/salvatorevigano/.m2/repository/org/junit/platform/junit-platform-engine/1.8.2/junit-platform-engine-1.8.2.jar:/Users/salvatorevigano/.m2/repository/com/mysql/mysql-connector-j/9.2.0/mysql-connector-j-9.2.0.jar:/Users/salvatorevigano/.m2/repository/com/google/protobuf/protobuf-java/4.29.0/protobuf-java-4.29.0.jar:"/>
    <property name="sun.cpu.endian" value="little"/>
    <property name="user.home" value="/Users/salvatorevigano"/>
    <property name="user.language" value="it"/>
    <property name="java.specification.vendor" value="Oracle Corporation"/>
    <property name="java.version.date" value="2025-01-21"/>
    <property name="java.home" value="/opt/homebrew/Cellar/openjdk/23.0.2/libexec/openjdk.jdk/Contents/Home"/>
    <property name="file.separator" value="/"/>
    <property name="basedir" value="/Users/salvatorevigano/eclipse-workspace/music"/>
    <property name="java.vm.compressedOopsMode" value="Zero based"/>
    <property name="line.separator" value="&#10;"/>
    <property name="java.vm.specification.vendor" value="Oracle Corporation"/>
    <property name="java.specification.name" value="Java Platform API Specification"/>
    <property name="apple.awt.application.name" value="ForkedBooter"/>
    <property name="surefire.real.class.path" value="/Users/salvatorevigano/eclipse-workspace/music/target/surefire/surefirebooter-20250318163832587_3.jar"/>
    <property name="sun.management.compiler" value="HotSpot 64-Bit Tiered Compilers"/>
    <property name="ftp.nonProxyHosts" value="local|*.local|169.254/16|*.169.254/16"/>
    <property name="java.runtime.version" value="23.0.2"/>
    <property name="user.name" value="salvatorevigano"/>
    <property name="stdout.encoding" value="UTF-8"/>
    <property name="path.separator" value=":"/>
    <property name="os.version" value="15.3.2"/>
    <property name="java.runtime.name" value="OpenJDK Runtime Environment"/>
    <property name="file.encoding" value="UTF-8"/>
    <property name="java.vm.name" value="OpenJDK 64-Bit Server VM"/>
    <property name="java.vendor.version" value="Homebrew"/>
    <property name="localRepository" value="/Users/salvatorevigano/.m2/repository"/>
    <property name="java.vendor.url.bug" value="https://github.com/Homebrew/homebrew-core/issues"/>
    <property name="java.io.tmpdir" value="/var/folders/vy/91t53q4577g74ykmgz6m49rm0000gn/T/"/>
    <property name="java.version" value="23.0.2"/>
    <property name="user.dir" value="/Users/salvatorevigano/eclipse-workspace/music"/>
    <property name="os.arch" value="aarch64"/>
    <property name="java.vm.specification.name" value="Java Virtual Machine Specification"/>
    <property name="native.encoding" value="UTF-8"/>
    <property name="java.library.path" value="/Users/salvatorevigano/Library/Java/Extensions:/Library/Java/Extensions:/Network/Library/Java/Extensions:/System/Library/Java/Extensions:/usr/lib/java:."/>
    <property name="java.vm.info" value="mixed mode, sharing"/>
    <property name="stderr.encoding" value="UTF-8"/>
    <property name="java.vendor" value="Homebrew"/>
    <property name="java.vm.version" value="23.0.2"/>
    <property name="sun.io.unicode.encoding" value="UnicodeBig"/>
    <property name="socksNonProxyHosts" value="local|*.local|169.254/16|*.169.254/16"/>
    <property name="java.class.version" value="67.0"/>
  </properties>
  <testcase name="testFindAll" classname="com.example.test.music.dao.AlbumDaoImplTest" time="0.008">
    <system-err><![CDATA[mar 18, 2025 4:38:34 PM com.example.music.dao.AlbumDaoImpl findAll
INFORMAZIONI: Sono stati trovati 32 album.
]]></system-err>
  </testcase>
  <testcase name="testDeleteById" classname="com.example.test.music.dao.AlbumDaoImplTest" time="0.034">
    <system-err><![CDATA[mar 18, 2025 4:38:34 PM com.example.music.dao.AlbumDaoImpl save
INFORMAZIONI: Album creato con successo. ID: 49
mar 18, 2025 4:38:34 PM com.example.music.dao.AlbumDaoImpl findById
INFORMAZIONI: Album trovato con successo. ID: 49 - Album di Prova - Artista: Queen
mar 18, 2025 4:38:34 PM com.example.music.dao.AlbumDaoImpl deleteById
INFORMAZIONI: Album con ID 49 rimosso con successo.
mar 18, 2025 4:38:34 PM com.example.music.dao.AlbumDaoImpl findById
AVVERTENZA: Nessun album trovato con ID: 49
]]></system-err>
  </testcase>
  <testcase name="testUpdate" classname="com.example.test.music.dao.AlbumDaoImplTest" time="0.019">
    <system-err><![CDATA[mar 18, 2025 4:38:34 PM com.example.music.dao.AlbumDaoImpl save
INFORMAZIONI: Album creato con successo. ID: 50
mar 18, 2025 4:38:34 PM com.example.music.dao.AlbumDaoImpl update
INFORMAZIONI: Album con ID 50 aggiornato con successo.
]]></system-err>
  </testcase>
  <testcase name="testSaveAndFindById" classname="com.example.test.music.dao.AlbumDaoImplTest" time="0.018">
    <system-err><![CDATA[mar 18, 2025 4:38:34 PM com.example.music.dao.AlbumDaoImpl save
INFORMAZIONI: Album creato con successo. ID: 51
mar 18, 2025 4:38:34 PM com.example.music.dao.AlbumDaoImpl findById
INFORMAZIONI: Album trovato con successo. ID: 51 - Album di Prova - Artista: Queen
]]></system-err>
  </testcase>
</testsuite>